-------------------------------------------------------------------------------
Test set: starter.CucumberTestSuite
-------------------------------------------------------------------------------
Tests run: 18, Failures: 1, Errors: 0, Skipped: 0, Time elapsed: 34.084 s <<< FAILURE! - in starter.CucumberTestSuite
category.GET id product category  Time elapsed: 0.558 s  <<< FAILURE!
java.lang.AssertionError: 
1 expectation failed.
Expected status code <200> but was <404>.


