<?xml version="1.0" encoding="UTF-8"?>
<testsuite xmlns:xsi="http://www.w3.org/2001/XMLSchema-instance" xsi:noNamespaceSchemaLocation="https://maven.apache.org/surefire/maven-failsafe-plugin/xsd/failsafe-test-report-3.0.xsd" version="3.0" name="starter.CucumberTestSuite" time="34.084" tests="18" errors="0" skipped="0" failures="1">
  <properties>
[...]
</properties>
  <testcase name="Register using a valid full name, email and password" classname="Authentication" time="11.429">
    <system-out><![CDATA[18:55:58.583 [main] DEBUG net.thucydides.core.guice.Injectors - Created injector for module net.thucydides.core.guice.ThucydidesModule
18:55:59.322 [main] INFO io.cucumber.core.plugin.SerenityReporter - Running feature from file:///E:/mini%20peoject/RestAPi/src/test/resources/api/Authentication.feature
18:55:59.322 [main] WARN io.cucumber.core.plugin.SerenityReporter - Feature from file:///E:/mini%20peoject/RestAPi/src/test/resources/api/Authentication.feature is not under the 'features' directory. Requirements report will not be correctly generated!
18:55:59.764 [main] DEBUG net.thucydides.core.guice.Injectors - Created injector for module net.thucydides.core.guice.webdriver.WebDriverModule
18:55:59.829 [main] INFO  - 

-------------------------------------------------------------------------------------
     _______. _______ .______       _______ .__   __.  __  .___________.____    ____ 
    /       ||   ____||   _  \     |   ____||  \ |  | |  | |           |\   \  /   / 
   |   (----`|  |__   |  |_)  |    |  |__   |   \|  | |  | `---|  |----` \   \/   /  
    \   \    |   __|  |      /     |   __|  |  . `  | |  |     |  |       \_    _/   
.----)   |   |  |____ |  |\  \----.|  |____ |  |\   | |  |     |  |         |  |     
|_______/    |_______|| _| `._____||_______||__| \__| |__|     |__|         |__|    
                                                                                     
 News and tutorials at http://www.serenity-bdd.info                                  
 Documentation at https://wakaleo.gitbooks.io/the-serenity-book/content/             
 Join the Serenity Community on Gitter: https://gitter.im/serenity-bdd/serenity-core 
 Serenity BDD Support and Training at http://serenity-bdd.info/#/trainingandsupport  
-------------------------------------------------------------------------------------

18:55:59.835 [main] DEBUG net.thucydides.core.steps.StepEventBus - Test suite started for story net.thucydides.core.model.Story@ca9e30c4
18:55:59.844 [main] INFO  - Test Suite Started: Authentication
18:55:59.884 [main] INFO io.cucumber.core.plugin.SerenityReporter - Running feature from file:///E:/mini%20peoject/RestAPi/src/test/resources/api/Produk.feature
18:55:59.885 [main] WARN io.cucumber.core.plugin.SerenityReporter - Feature from file:///E:/mini%20peoject/RestAPi/src/test/resources/api/Produk.feature is not under the 'features' directory. Requirements report will not be correctly generated!
18:55:59.925 [main] DEBUG net.thucydides.core.steps.StepEventBus - Test suite started for story net.thucydides.core.model.Story@55ef6c0d
18:55:59.927 [main] INFO  - Test Suite Started: Products
18:55:59.927 [main] INFO io.cucumber.core.plugin.SerenityReporter - Running feature from file:///E:/mini%20peoject/RestAPi/src/test/resources/api/order.feature
18:55:59.927 [main] WARN io.cucumber.core.plugin.SerenityReporter - Feature from file:///E:/mini%20peoject/RestAPi/src/test/resources/api/order.feature is not under the 'features' directory. Requirements report will not be correctly generated!
18:55:59.937 [main] DEBUG net.thucydides.core.steps.StepEventBus - Test suite started for story net.thucydides.core.model.Story@f12b04ac
18:55:59.938 [main] INFO  - Test Suite Started: Order
18:55:59.938 [main] INFO io.cucumber.core.plugin.SerenityReporter - Running feature from file:///E:/mini%20peoject/RestAPi/src/test/resources/api/productcategory.feature
18:55:59.939 [main] WARN io.cucumber.core.plugin.SerenityReporter - Feature from file:///E:/mini%20peoject/RestAPi/src/test/resources/api/productcategory.feature is not under the 'features' directory. Requirements report will not be correctly generated!
18:55:59.951 [main] DEBUG net.thucydides.core.steps.StepEventBus - Test suite started for story net.thucydides.core.model.Story@ad8c0c9b
18:55:59.952 [main] INFO  - Test Suite Started: Category
18:55:59.953 [main] INFO io.cucumber.core.plugin.SerenityReporter - Running feature from file:///E:/mini%20peoject/RestAPi/src/test/resources/api/Authentication.feature
18:55:59.953 [main] WARN io.cucumber.core.plugin.SerenityReporter - Feature from file:///E:/mini%20peoject/RestAPi/src/test/resources/api/Authentication.feature is not under the 'features' directory. Requirements report will not be correctly generated!
18:55:59.960 [main] DEBUG net.thucydides.core.steps.StepEventBus - Test suite started for story net.thucydides.core.model.Story@ca9e30c4
18:55:59.961 [main] INFO  - Test Suite Started: Authentication

Scenario: Register using a valid full name, email and password                                                                           &amp#27;[90m# src/test/resources/api/Authentication.feature:3&amp#27;[0m
18:56:00.291 [main] INFO io.cucumber.core.plugin.SerenityReporter - Running feature from file:///E:/mini%20peoject/RestAPi/src/test/resources/api/Authentication.feature
18:56:00.291 [main] WARN io.cucumber.core.plugin.SerenityReporter - Feature from file:///E:/mini%20peoject/RestAPi/src/test/resources/api/Authentication.feature is not under the 'features' directory. Requirements report will not be correctly generated!
18:56:00.585 [main] INFO  - 
  _____   ___   ___   _____     ___   _____     _     ___   _____   ___   ___  
 |_   _| | __| / __| |_   _|   / __| |_   _|   /_\   | _ \ |_   _| | __| |   \ 
   | |   | _|  \__ \   | |     \__ \   | |    / _ \  |   /   | |   | _|  | |) |
   |_|   |___| |___/   |_|     |___/   |_|   /_/ \_\ |_|_\   |_|   |___| |___/ 

Register using a valid full name, email and password(authentication;register-using-a-valid-full-name--email-and-password)
--------------------------------------------------------------------------------
18:56:01.734 [main] DEBUG net.thucydides.core.steps.StepInterceptor - STARTING STEP: LoginSteps.iRegisterUsingTheCorrectData - I register using the correct data
18:56:01.739 [main] DEBUG net.thucydides.core.steps.StepInterceptor - STEP DONE: I register using the correct data
  &amp#27;[32mGiven &amp#27;[0m&amp#27;[32mI register using the correct data&amp#27;[0m                                                                                                &amp#27;[90m# starter.stepdefinitions.LoginSteps.iRegisterUsingTheCorrectData()&amp#27;[0m
18:56:01.780 [main] DEBUG net.thucydides.core.steps.StepInterceptor - STARTING STEP: LoginSteps.iSubmitAPOSTRequestToWithFullnameEmailAndPassword - I submit a POST request to {string} with fullname Gita Leoni Dwi Fripta, email Fripta21@gmail.com and password Fripta34
18:56:08.374 [main] DEBUG net.thucydides.core.steps.StepInterceptor - STARTING STEP: Register.POSTRequestToWithFullnameEmailAndPassword - I register using the correct data
18:56:08.375 [main] DEBUG net.thucydides.core.steps.StepInterceptor - STEP DONE: I register using the correct data
18:56:10.374 [main] DEBUG org.apache.http.impl.conn.BasicClientConnectionManager - Get connection for route {s}->https://altashop-api.fly.dev:443
18:56:10.496 [main] DEBUG org.apache.http.impl.conn.DefaultClientConnectionOperator - Connecting to altashop-api.fly.dev:443
18:56:11.020 [main] DEBUG org.apache.http.client.protocol.RequestAddCookies - CookieSpec selected: ignoreCookies
18:56:11.022 [main] DEBUG org.apache.http.client.protocol.RequestAuthCache - Auth cache not set in the context
18:56:11.023 [main] DEBUG org.apache.http.client.protocol.RequestTargetAuthentication - Target auth state: UNCHALLENGED
18:56:11.024 [main] DEBUG org.apache.http.client.protocol.RequestProxyAuthentication - Proxy auth state: UNCHALLENGED
18:56:11.024 [main] DEBUG org.apache.http.impl.client.DefaultHttpClient - Attempt 1 to execute request
18:56:11.024 [main] DEBUG org.apache.http.impl.conn.DefaultClientConnection - Sending request: POST /api/auth/register HTTP/1.1
18:56:11.024 [main] DEBUG org.apache.http.wire -  >> "POST /api/auth/register HTTP/1.1[\r][\n]"
18:56:11.027 [main] DEBUG org.apache.http.wire -  >> "Accept: */*[\r][\n]"
18:56:11.027 [main] DEBUG org.apache.http.wire -  >> "Content-Type: application/json[\r][\n]"
18:56:11.028 [main] DEBUG org.apache.http.wire -  >> "Content-Length: 79[\r][\n]"
18:56:11.028 [main] DEBUG org.apache.http.wire -  >> "Host: altashop-api.fly.dev[\r][\n]"
18:56:11.028 [main] DEBUG org.apache.http.wire -  >> "Connection: Keep-Alive[\r][\n]"
18:56:11.028 [main] DEBUG org.apache.http.wire -  >> "User-Agent: Apache-HttpClient/4.5.13 (Java/19.0.2)[\r][\n]"
18:56:11.029 [main] DEBUG org.apache.http.wire -  >> "Accept-Encoding: gzip,deflate[\r][\n]"
18:56:11.029 [main] DEBUG org.apache.http.wire -  >> "[\r][\n]"
18:56:11.029 [main] DEBUG org.apache.http.headers - >> POST /api/auth/register HTTP/1.1
18:56:11.029 [main] DEBUG org.apache.http.headers - >> Accept: */*
18:56:11.029 [main] DEBUG org.apache.http.headers - >> Content-Type: application/json
18:56:11.030 [main] DEBUG org.apache.http.headers - >> Content-Length: 79
18:56:11.030 [main] DEBUG org.apache.http.headers - >> Host: altashop-api.fly.dev
18:56:11.030 [main] DEBUG org.apache.http.headers - >> Connection: Keep-Alive
18:56:11.031 [main] DEBUG org.apache.http.headers - >> User-Agent: Apache-HttpClient/4.5.13 (Java/19.0.2)
18:56:11.031 [main] DEBUG org.apache.http.headers - >> Accept-Encoding: gzip,deflate
18:56:11.032 [main] DEBUG org.apache.http.wire -  >> "{"password":"testing123m","fullname":"testing123","email":"efcfddfe@gmail.com"}"
18:56:11.067 [main] DEBUG org.apache.http.wire -  << "HTTP/1.1 200 OK[\r][\n]"
18:56:11.069 [main] DEBUG org.apache.http.wire -  << "content-type: application/json[\r][\n]"
18:56:11.070 [main] DEBUG org.apache.http.wire -  << "date: Tue, 09 May 2023 11:56:11 GMT[\r][\n]"
18:56:11.070 [main] DEBUG org.apache.http.wire -  << "content-encoding: gzip[\r][\n]"
18:56:11.070 [main] DEBUG org.apache.http.wire -  << "transfer-encoding: chunked[\r][\n]"
18:56:11.070 [main] DEBUG org.apache.http.wire -  << "server: Fly/3f2597ca (2023-05-03)[\r][\n]"
18:56:11.071 [main] DEBUG org.apache.http.wire -  << "via: 1.1 fly.io[\r][\n]"
18:56:11.071 [main] DEBUG org.apache.http.wire -  << "fly-request-id: 01H005WXW53853MWTQB33N3SYG-sin[\r][\n]"
18:56:11.071 [main] DEBUG org.apache.http.wire -  << "[\r][\n]"
18:56:11.072 [main] DEBUG org.apache.http.impl.conn.DefaultClientConnection - Receiving response: HTTP/1.1 200 OK
18:56:11.072 [main] DEBUG org.apache.http.headers - << HTTP/1.1 200 OK
18:56:11.072 [main] DEBUG org.apache.http.headers - << content-type: application/json
18:56:11.072 [main] DEBUG org.apache.http.headers - << date: Tue, 09 May 2023 11:56:11 GMT
18:56:11.072 [main] DEBUG org.apache.http.headers - << content-encoding: gzip
18:56:11.072 [main] DEBUG org.apache.http.headers - << transfer-encoding: chunked
18:56:11.072 [main] DEBUG org.apache.http.headers - << server: Fly/3f2597ca (2023-05-03)
18:56:11.072 [main] DEBUG org.apache.http.headers - << via: 1.1 fly.io
18:56:11.073 [main] DEBUG org.apache.http.headers - << fly-request-id: 01H005WXW53853MWTQB33N3SYG-sin
18:56:11.080 [main] DEBUG org.apache.http.impl.client.DefaultHttpClient - Connection can be kept alive indefinitely
18:56:11.091 [main] DEBUG io.restassured.internal.RestAssuredHttpBuilder - Parsing response as: application/json
18:56:11.092 [main] DEBUG org.apache.http.wire -  << "6B[\r][\n]"
18:56:11.093 [main] DEBUG org.apache.http.wire -  << "[0x1f][0x8b][0x8][0x0][0x0][0x0][0x0][0x0][0x4][0xff][0xab]VJI,IT[0xb2][0xaa]V[0xf2]tQ[0xb2]222[0xb4]0[0xd2]Qr+[0xcd][0xc9][0xc9]K[0xcc]MU[0xb2]R*I-.[0xc9][0xcc]K742V[0xd2]Qr[0xcd]M[0xcc][0xcc]Q[0xb2]RJMKNKIIKuH[0x7][0x9][0xe8]%[0xe7][0xe7]*[0xe9]([0x5]$[0x16][0x17][0x97][0xe7][0x17][0xa5][0xa0]h[0xca]U[0xaa][0xad][0xe5][0x2][0x0][0xe2]L[0xdb][0x9f]d[0x0][0x0][0x0]"
18:56:11.094 [main] DEBUG org.apache.http.wire -  << "[\r][\n]"
18:56:11.095 [main] DEBUG org.apache.http.wire -  << "0[\r][\n]"
18:56:11.095 [main] DEBUG org.apache.http.wire -  << "[\r][\n]"
18:56:11.096 [main] DEBUG io.restassured.internal.RestAssuredHttpBuilder - Parsed data to instance of: class org.apache.http.conn.EofSensorInputStream
18:56:11.192 [main] DEBUG org.apache.http.impl.conn.BasicClientConnectionManager - Releasing connection org.apache.http.impl.conn.ManagedClientConnectionImpl@43778371
18:56:11.192 [main] DEBUG org.apache.http.impl.conn.BasicClientConnectionManager - Connection can be kept alive indefinitely
18:56:11.204 [main] DEBUG net.thucydides.core.steps.StepInterceptor - STEP DONE: I submit a POST request to {string} with fullname Gita Leoni Dwi Fripta, email Fripta21@gmail.com and password Fripta34
  &amp#27;[32mWhen &amp#27;[0m&amp#27;[32mI submit a POST request to &amp#27;[0m&amp#27;[32m&amp#27;[1m"/auth/register"&amp#27;[0m&amp#27;[32m with fullname &amp#27;[0m&amp#27;[32m&amp#27;[1m"testing123"&amp#27;[0m&amp#27;[32m, email &amp#27;[0m&amp#27;[32m&amp#27;[1m"testing12388@gmail.com"&amp#27;[0m&amp#27;[32m and password &amp#27;[0m&amp#27;[32m&amp#27;[1m"testing123m"&amp#27;[0m &amp#27;[90m# starter.stepdefinitions.LoginSteps.iSubmitAPOSTRequestToWithFullnameEmailAndPassword(java.lang.String,java.lang.String,java.lang.String,java.lang.String)&amp#27;[0m
18:56:11.228 [main] DEBUG net.thucydides.core.steps.StepInterceptor - STARTING STEP: LoginSteps.iReceiveValidHTTPResponseCodeRegister - I receive valid HTTP response code register 200
18:56:11.311 [main] DEBUG net.thucydides.core.steps.StepInterceptor - STEP DONE: I receive valid HTTP response code register 200
  &amp#27;[32mThen &amp#27;[0m&amp#27;[32mI receive valid HTTP response code register &amp#27;[0m&amp#27;[32m&amp#27;[1m200&amp#27;[0m                                                                                   &amp#27;[90m# starter.stepdefinitions.LoginSteps.iReceiveValidHTTPResponseCodeRegister(int)&amp#27;[0m
18:56:11.331 [main] DEBUG net.thucydides.core.steps.StepInterceptor - STARTING STEP: LoginSteps.registerSuccessfully - register successfully
18:56:11.345 [main] DEBUG net.thucydides.core.steps.StepInterceptor - STEP DONE: register successfully
  &amp#27;[32mAnd &amp#27;[0m&amp#27;[32mregister successfully&amp#27;[0m                                                                                                              &amp#27;[90m# starter.stepdefinitions.LoginSteps.registerSuccessfully()&amp#27;[0m
18:56:11.386 [main] INFO  - 
  _____   ___   ___   _____     ___     _     ___   ___   ___   ___  
 |_   _| | __| / __| |_   _|   | _ \   /_\   / __| / __| | __| |   \ 
   | |   | _|  \__ \   | |     |  _/  / _ \  \__ \ \__ \ | _|  | |) |
   |_|   |___| |___/   |_|     |_|   /_/ \_\ |___/ |___/ |___| |___/ 

Register using a valid full name, email and password
----------------------------------------------------------------------
]]></system-out>
  </testcase>
  <testcase name="Login with registered or correct email and password" classname="Authentication" time="0.609">
    <system-out><![CDATA[
Scenario: Login with registered or correct email and password                                            &amp#27;[90m# src/test/resources/api/Authentication.feature:9&amp#27;[0m
18:56:11.504 [main] INFO io.cucumber.core.plugin.SerenityReporter - Running feature from file:///E:/mini%20peoject/RestAPi/src/test/resources/api/Authentication.feature
18:56:11.504 [main] WARN io.cucumber.core.plugin.SerenityReporter - Feature from file:///E:/mini%20peoject/RestAPi/src/test/resources/api/Authentication.feature is not under the 'features' directory. Requirements report will not be correctly generated!
18:56:11.516 [main] INFO  - 
  _____   ___   ___   _____     ___   _____     _     ___   _____   ___   ___  
 |_   _| | __| / __| |_   _|   / __| |_   _|   /_\   | _ \ |_   _| | __| |   \ 
   | |   | _|  \__ \   | |     \__ \   | |    / _ \  |   /   | |   | _|  | |) |
   |_|   |___| |___/   |_|     |___/   |_|   /_/ \_\ |_|_\   |_|   |___| |___/ 

Login with registered or correct email and password(authentication;login-with-registered-or-correct-email-and-password)
--------------------------------------------------------------------------------
18:56:11.614 [main] DEBUG net.thucydides.core.steps.StepInterceptor - STARTING STEP: LoginSteps.iHaveValidCredentials - I have valid credentials
18:56:11.616 [main] DEBUG net.thucydides.core.steps.StepInterceptor - STEP DONE: I have valid credentials
  &amp#27;[32mGiven &amp#27;[0m&amp#27;[32mI have valid credentials&amp#27;[0m                                                                         &amp#27;[90m# starter.stepdefinitions.LoginSteps.iHaveValidCredentials()&amp#27;[0m
18:56:11.662 [main] DEBUG net.thucydides.core.steps.StepInterceptor - STARTING STEP: LoginSteps.iSubmitAPOSTRequestToWithEmailAndPassword - I submit a POST request to {string} with email gitalee21@gmail.com and password gitale88
18:56:11.672 [main] DEBUG net.thucydides.core.steps.StepInterceptor - STARTING STEP: Login.iSubmitAPOSTRequestToWithEmailAndPassword - I have valid credentials
18:56:11.674 [main] DEBUG net.thucydides.core.steps.StepInterceptor - STEP DONE: I have valid credentials
18:56:11.778 [main] DEBUG org.apache.http.impl.conn.BasicClientConnectionManager - Get connection for route {s}->https://altashop-api.fly.dev:443
18:56:11.779 [main] DEBUG org.apache.http.impl.conn.DefaultClientConnectionOperator - Connecting to altashop-api.fly.dev:443
18:56:11.910 [main] DEBUG org.apache.http.client.protocol.RequestAddCookies - CookieSpec selected: ignoreCookies
18:56:11.910 [main] DEBUG org.apache.http.client.protocol.RequestAuthCache - Auth cache not set in the context
18:56:11.910 [main] DEBUG org.apache.http.client.protocol.RequestTargetAuthentication - Target auth state: UNCHALLENGED
18:56:11.910 [main] DEBUG org.apache.http.client.protocol.RequestProxyAuthentication - Proxy auth state: UNCHALLENGED
18:56:11.911 [main] DEBUG org.apache.http.impl.client.DefaultHttpClient - Attempt 1 to execute request
18:56:11.911 [main] DEBUG org.apache.http.impl.conn.DefaultClientConnection - Sending request: POST /api/auth/login HTTP/1.1
18:56:11.911 [main] DEBUG org.apache.http.wire -  >> "POST /api/auth/login HTTP/1.1[\r][\n]"
18:56:11.912 [main] DEBUG org.apache.http.wire -  >> "Accept: */*[\r][\n]"
18:56:11.913 [main] DEBUG org.apache.http.wire -  >> "Content-Type: application/json[\r][\n]"
18:56:11.913 [main] DEBUG org.apache.http.wire -  >> "Content-Length: 53[\r][\n]"
18:56:11.915 [main] DEBUG org.apache.http.wire -  >> "Host: altashop-api.fly.dev[\r][\n]"
18:56:11.915 [main] DEBUG org.apache.http.wire -  >> "Connection: Keep-Alive[\r][\n]"
18:56:11.916 [main] DEBUG org.apache.http.wire -  >> "User-Agent: Apache-HttpClient/4.5.13 (Java/19.0.2)[\r][\n]"
18:56:11.916 [main] DEBUG org.apache.http.wire -  >> "Accept-Encoding: gzip,deflate[\r][\n]"
18:56:11.916 [main] DEBUG org.apache.http.wire -  >> "[\r][\n]"
18:56:11.917 [main] DEBUG org.apache.http.headers - >> POST /api/auth/login HTTP/1.1
18:56:11.917 [main] DEBUG org.apache.http.headers - >> Accept: */*
18:56:11.917 [main] DEBUG org.apache.http.headers - >> Content-Type: application/json
18:56:11.917 [main] DEBUG org.apache.http.headers - >> Content-Length: 53
18:56:11.917 [main] DEBUG org.apache.http.headers - >> Host: altashop-api.fly.dev
18:56:11.917 [main] DEBUG org.apache.http.headers - >> Connection: Keep-Alive
18:56:11.917 [main] DEBUG org.apache.http.headers - >> User-Agent: Apache-HttpClient/4.5.13 (Java/19.0.2)
18:56:11.918 [main] DEBUG org.apache.http.headers - >> Accept-Encoding: gzip,deflate
18:56:11.918 [main] DEBUG org.apache.http.wire -  >> "{"password":"gitale88","email":"gitalee21@gmail.com"}"
18:56:11.951 [main] DEBUG org.apache.http.wire -  << "HTTP/1.1 200 OK[\r][\n]"
18:56:11.951 [main] DEBUG org.apache.http.wire -  << "content-type: application/json[\r][\n]"
18:56:11.951 [main] DEBUG org.apache.http.wire -  << "date: Tue, 09 May 2023 11:56:11 GMT[\r][\n]"
18:56:11.951 [main] DEBUG org.apache.http.wire -  << "content-encoding: gzip[\r][\n]"
18:56:11.951 [main] DEBUG org.apache.http.wire -  << "transfer-encoding: chunked[\r][\n]"
18:56:11.951 [main] DEBUG org.apache.http.wire -  << "server: Fly/3f2597ca (2023-05-03)[\r][\n]"
18:56:11.951 [main] DEBUG org.apache.http.wire -  << "via: 1.1 fly.io[\r][\n]"
18:56:11.952 [main] DEBUG org.apache.http.wire -  << "fly-request-id: 01H005WYQS1SAEY9C1KEZVVHMW-sin[\r][\n]"
18:56:11.952 [main] DEBUG org.apache.http.wire -  << "[\r][\n]"
18:56:11.952 [main] DEBUG org.apache.http.impl.conn.DefaultClientConnection - Receiving response: HTTP/1.1 200 OK
18:56:11.952 [main] DEBUG org.apache.http.headers - << HTTP/1.1 200 OK
18:56:11.952 [main] DEBUG org.apache.http.headers - << content-type: application/json
18:56:11.952 [main] DEBUG org.apache.http.headers - << date: Tue, 09 May 2023 11:56:11 GMT
18:56:11.952 [main] DEBUG org.apache.http.headers - << content-encoding: gzip
18:56:11.952 [main] DEBUG org.apache.http.headers - << transfer-encoding: chunked
18:56:11.952 [main] DEBUG org.apache.http.headers - << server: Fly/3f2597ca (2023-05-03)
18:56:11.952 [main] DEBUG org.apache.http.headers - << via: 1.1 fly.io
18:56:11.952 [main] DEBUG org.apache.http.headers - << fly-request-id: 01H005WYQS1SAEY9C1KEZVVHMW-sin
18:56:11.953 [main] DEBUG org.apache.http.impl.client.DefaultHttpClient - Connection can be kept alive indefinitely
18:56:11.953 [main] DEBUG io.restassured.internal.RestAssuredHttpBuilder - Parsing response as: application/json
18:56:11.953 [main] DEBUG org.apache.http.wire -  << "BD[\r][\n]"
18:56:11.953 [main] DEBUG org.apache.http.wire -  << "[0x1f][0x8b][0x8][0x0][0x0][0x0][0x0][0x0][0x4][0xff][0xab]VJI,IT[0xb2]RJ[0xad][0xf4][0xca]HrO[0xce][0xf4][0xcf][0xf4][0xf2][0xc][0xad][0xf2]4[0xf4][0xcb][0xf4],[0xf6][0xcc][0xb]2Mv[0xf6]4[0xf3][0xcc].[0x88][0x8]s[0xf6][0xb2][0xd4]K[0xad][0xf4]rO[0x9][0xaf](N[0xca]u+[0x89][\n]"
18:56:11.954 [main] DEBUG org.apache.http.wire -  << "[0x6]I[0xa4][0x14][0xa4][0xb8][0xbb][0xa6][0x87][0xb8][0x87][0x95]%[0xe5]f[0xa7]Gy[0xa4][0x14]x[0xba]GU&F8f[0xfa]8{[0xb9]%[0x85][0xbb][0x15]$[0x81][0xc][0xc8][0x5][0xa9]s+[0x8e][\n]"
18:56:11.954 [main] DEBUG org.apache.http.wire -  << "[0xf][0xad][0xf4][\r]u[0xca][0x83][0x88][0x9b]f%[0x19][0x19]d[0xa6][0x5][0xea][0x85][0xb8][0x17][0x7][0x95]8[0x7][0x1b][0xc6][0x87][0x9b][0xa6][0x5][0xe6]W[0xf8]T[0x84][0x5][0xfb]f[0xb8]d[0xe7]E[0xc4][0x97][0xe6][0x7][0x85][0x95][0xc7][0x1b][0x94]D:[0xbb][0x17][0x1b][0x6][0x97][0x84][0xb9]*[0xd5]r[0x1][0x0]9([0x99]z[0xb3][0x0][0x0][0x0]"
18:56:11.954 [main] DEBUG org.apache.http.wire -  << "[\r][\n]"
18:56:11.954 [main] DEBUG org.apache.http.wire -  << "0[\r][\n]"
18:56:11.954 [main] DEBUG org.apache.http.wire -  << "[\r][\n]"
18:56:11.955 [main] DEBUG io.restassured.internal.RestAssuredHttpBuilder - Parsed data to instance of: class org.apache.http.conn.EofSensorInputStream
18:56:11.960 [main] DEBUG org.apache.http.impl.conn.BasicClientConnectionManager - Releasing connection org.apache.http.impl.conn.ManagedClientConnectionImpl@3c2dda7c
18:56:11.961 [main] DEBUG org.apache.http.impl.conn.BasicClientConnectionManager - Connection can be kept alive indefinitely
18:56:11.962 [main] DEBUG net.thucydides.core.steps.StepInterceptor - STEP DONE: I submit a POST request to {string} with email gitalee21@gmail.com and password gitale88
  &amp#27;[32mWhen &amp#27;[0m&amp#27;[32mI submit a POST request to &amp#27;[0m&amp#27;[32m&amp#27;[1m"/auth/login"&amp#27;[0m&amp#27;[32m with email &amp#27;[0m&amp#27;[32m&amp#27;[1m"gitalee21@gmail.com"&amp#27;[0m&amp#27;[32m and password &amp#27;[0m&amp#27;[32m&amp#27;[1m"gitale88"&amp#27;[0m &amp#27;[90m# starter.stepdefinitions.LoginSteps.iSubmitAPOSTRequestToWithEmailAndPassword(java.lang.String,java.lang.String,java.lang.String)&amp#27;[0m
18:56:11.976 [main] DEBUG net.thucydides.core.steps.StepInterceptor - STARTING STEP: LoginSteps.iShouldGetAResponseCode - I receive valid HTTP response code Login 200
18:56:11.978 [main] DEBUG net.thucydides.core.steps.StepInterceptor - STEP DONE: I receive valid HTTP response code Login 200
  &amp#27;[32mThen &amp#27;[0m&amp#27;[32mI receive valid HTTP response code Login &amp#27;[0m&amp#27;[32m&amp#27;[1m200&amp#27;[0m                                                      &amp#27;[90m# starter.stepdefinitions.LoginSteps.iShouldGetAResponseCode(int)&amp#27;[0m
18:56:11.999 [main] INFO  - 
  _____   ___   ___   _____     ___     _     ___   ___   ___   ___  
 |_   _| | __| / __| |_   _|   | _ \   /_\   / __| / __| | __| |   \ 
   | |   | _|  \__ \   | |     |  _/  / _ \  \__ \ \__ \ | _|  | |) |
   |_|   |___| |___/   |_|     |_|   /_/ \_\ |___/ |___/ |___| |___/ 

Login with registered or correct email and password
----------------------------------------------------------------------
]]></system-out>
  </testcase>
  <testcase name="view user information" classname="Authentication" time="0.808">
    <system-out><![CDATA[
Scenario: view user information                                        &amp#27;[90m# src/test/resources/api/Authentication.feature:15&amp#27;[0m
18:56:12.180 [main] INFO io.cucumber.core.plugin.SerenityReporter - Running feature from file:///E:/mini%20peoject/RestAPi/src/test/resources/api/Authentication.feature
18:56:12.181 [main] WARN io.cucumber.core.plugin.SerenityReporter - Feature from file:///E:/mini%20peoject/RestAPi/src/test/resources/api/Authentication.feature is not under the 'features' directory. Requirements report will not be correctly generated!
18:56:12.221 [main] INFO  - 
  _____   ___   ___   _____     ___   _____     _     ___   _____   ___   ___  
 |_   _| | __| / __| |_   _|   / __| |_   _|   /_\   | _ \ |_   _| | __| |   \ 
   | |   | _|  \__ \   | |     \__ \   | |    / _ \  |   /   | |   | _|  | |) |
   |_|   |___| |___/   |_|     |___/   |_|   /_/ \_\ |_|_\   |_|   |___| |___/ 

view user information(authentication;view-user-information)
--------------------------------------------------------------------------------
18:56:12.266 [main] DEBUG net.thucydides.core.steps.StepInterceptor - STARTING STEP: LoginSteps.iSetGETEndpoints - I set GET endpoints
18:56:12.267 [main] DEBUG net.thucydides.core.steps.StepInterceptor - STEP DONE: I set GET endpoints
  &amp#27;[32mGiven &amp#27;[0m&amp#27;[32mI set GET endpoints&amp#27;[0m                                            &amp#27;[90m# starter.stepdefinitions.LoginSteps.iSetGETEndpoints()&amp#27;[0m
18:56:12.286 [main] DEBUG net.thucydides.core.steps.StepInterceptor - STARTING STEP: LoginSteps.iSendAGETRequestToTheUserAPIEndpoints - I send GET HTTP request
18:56:12.294 [main] DEBUG net.thucydides.core.steps.StepInterceptor - STARTING STEP: Information.iSendAGETRequestToTheUserAPIEndpoints - I set GET endpoints
18:56:12.294 [main] DEBUG net.thucydides.core.steps.StepInterceptor - STEP DONE: I set GET endpoints
18:56:12.477 [main] DEBUG org.apache.http.impl.conn.BasicClientConnectionManager - Get connection for route {s}->https://altashop-api.fly.dev:443
18:56:12.478 [main] DEBUG org.apache.http.impl.conn.DefaultClientConnectionOperator - Connecting to altashop-api.fly.dev:443
18:56:12.675 [main] DEBUG org.apache.http.client.protocol.RequestAddCookies - CookieSpec selected: ignoreCookies
18:56:12.676 [main] DEBUG org.apache.http.client.protocol.RequestAuthCache - Auth cache not set in the context
18:56:12.676 [main] DEBUG org.apache.http.client.protocol.RequestProxyAuthentication - Proxy auth state: UNCHALLENGED
18:56:12.676 [main] DEBUG org.apache.http.impl.client.DefaultHttpClient - Attempt 1 to execute request
18:56:12.676 [main] DEBUG org.apache.http.impl.conn.DefaultClientConnection - Sending request: GET /api/auth/info HTTP/1.1
18:56:12.676 [main] DEBUG org.apache.http.wire -  >> "GET /api/auth/info HTTP/1.1[\r][\n]"
18:56:12.684 [main] DEBUG org.apache.http.wire -  >> "Authorization: Bearer eyJhbGciOiJIUzI1NiIsInR5cCI6IkpXVCJ9.eyJGdWxsbmFtZSI6IkdpdGEgTGVvbmkgZHdpIGZyaXAiLCJFbWFpbCI6ImdpdGFsZWUyMUBnbWFpbC5jb20ifQ.TGsRtCS1_W5fQoxLxVSMhDknX_uoRVw_0tYCGs1StVE[\r][\n]"
18:56:12.684 [main] DEBUG org.apache.http.wire -  >> "Accept: */*[\r][\n]"
18:56:12.684 [main] DEBUG org.apache.http.wire -  >> "Host: altashop-api.fly.dev[\r][\n]"
18:56:12.685 [main] DEBUG org.apache.http.wire -  >> "Connection: Keep-Alive[\r][\n]"
18:56:12.685 [main] DEBUG org.apache.http.wire -  >> "User-Agent: Apache-HttpClient/4.5.13 (Java/19.0.2)[\r][\n]"
18:56:12.685 [main] DEBUG org.apache.http.wire -  >> "Accept-Encoding: gzip,deflate[\r][\n]"
18:56:12.685 [main] DEBUG org.apache.http.wire -  >> "[\r][\n]"
18:56:12.686 [main] DEBUG org.apache.http.headers - >> GET /api/auth/info HTTP/1.1
18:56:12.686 [main] DEBUG org.apache.http.headers - >> Authorization: Bearer eyJhbGciOiJIUzI1NiIsInR5cCI6IkpXVCJ9.eyJGdWxsbmFtZSI6IkdpdGEgTGVvbmkgZHdpIGZyaXAiLCJFbWFpbCI6ImdpdGFsZWUyMUBnbWFpbC5jb20ifQ.TGsRtCS1_W5fQoxLxVSMhDknX_uoRVw_0tYCGs1StVE
18:56:12.686 [main] DEBUG org.apache.http.headers - >> Accept: */*
18:56:12.686 [main] DEBUG org.apache.http.headers - >> Host: altashop-api.fly.dev
18:56:12.686 [main] DEBUG org.apache.http.headers - >> Connection: Keep-Alive
18:56:12.686 [main] DEBUG org.apache.http.headers - >> User-Agent: Apache-HttpClient/4.5.13 (Java/19.0.2)
18:56:12.686 [main] DEBUG org.apache.http.headers - >> Accept-Encoding: gzip,deflate
18:56:12.743 [main] DEBUG org.apache.http.wire -  << "HTTP/1.1 200 OK[\r][\n]"
18:56:12.744 [main] DEBUG org.apache.http.wire -  << "content-type: application/json[\r][\n]"
18:56:12.744 [main] DEBUG org.apache.http.wire -  << "date: Tue, 09 May 2023 11:56:12 GMT[\r][\n]"
18:56:12.744 [main] DEBUG org.apache.http.wire -  << "content-encoding: gzip[\r][\n]"
18:56:12.744 [main] DEBUG org.apache.http.wire -  << "transfer-encoding: chunked[\r][\n]"
18:56:12.745 [main] DEBUG org.apache.http.wire -  << "server: Fly/3f2597ca (2023-05-03)[\r][\n]"
18:56:12.745 [main] DEBUG org.apache.http.wire -  << "via: 1.1 fly.io[\r][\n]"
18:56:12.745 [main] DEBUG org.apache.http.wire -  << "fly-request-id: 01H005WZFSDRMC20SVGJD28HAX-sin[\r][\n]"
18:56:12.745 [main] DEBUG org.apache.http.wire -  << "[\r][\n]"
18:56:12.745 [main] DEBUG org.apache.http.impl.conn.DefaultClientConnection - Receiving response: HTTP/1.1 200 OK
18:56:12.745 [main] DEBUG org.apache.http.headers - << HTTP/1.1 200 OK
18:56:12.745 [main] DEBUG org.apache.http.headers - << content-type: application/json
18:56:12.745 [main] DEBUG org.apache.http.headers - << date: Tue, 09 May 2023 11:56:12 GMT
18:56:12.746 [main] DEBUG org.apache.http.headers - << content-encoding: gzip
18:56:12.746 [main] DEBUG org.apache.http.headers - << transfer-encoding: chunked
18:56:12.746 [main] DEBUG org.apache.http.headers - << server: Fly/3f2597ca (2023-05-03)
18:56:12.746 [main] DEBUG org.apache.http.headers - << via: 1.1 fly.io
18:56:12.746 [main] DEBUG org.apache.http.headers - << fly-request-id: 01H005WZFSDRMC20SVGJD28HAX-sin
18:56:12.746 [main] DEBUG org.apache.http.impl.client.DefaultHttpClient - Connection can be kept alive indefinitely
18:56:12.747 [main] DEBUG io.restassured.internal.RestAssuredHttpBuilder - Parsing response as: application/json
18:56:12.747 [main] DEBUG org.apache.http.wire -  << "76[\r][\n]"
18:56:12.747 [main] DEBUG org.apache.http.wire -  << "[0x1f][0x8b][0x8][0x0][0x0][0x0][0x0][0x0][0x4][0xff][0xab]VJI,IT[0xb2][0xaa]V[0xf2]tQ[0xb2]2[0xb4]06[0xb7][0xd0]Qr+[0xcd][0xc9][0xc9]K[0xcc]MU[0xb2]Rr[0xcf],IT[0xf0]I[0xcd][0xcf][0xcb]TH)[0xcf]TH+[0xca],P[0xd2]Qr[0xcd]M[0xcc][0xcc]Q[0xb2]RJ[0xcf],I[0xcc]IM52tH[0x7][0x89][0xe8]%[0xe7][0xe7]*[0xe9]([0x5]$[0x16][0x17][0x97][0xe7][0x17][0xa5][0xc0][0x15]XX([0xd5][0xd6]r[0x1][0x0]U[0x84]~[0x95]k[0x0][0x0][0x0]"
18:56:12.748 [main] DEBUG org.apache.http.wire -  << "[\r][\n]"
18:56:12.748 [main] DEBUG org.apache.http.wire -  << "0[\r][\n]"
18:56:12.748 [main] DEBUG org.apache.http.wire -  << "[\r][\n]"
18:56:12.748 [main] DEBUG io.restassured.internal.RestAssuredHttpBuilder - Parsed data to instance of: class org.apache.http.conn.EofSensorInputStream
18:56:12.752 [main] DEBUG org.apache.http.impl.conn.BasicClientConnectionManager - Releasing connection org.apache.http.impl.conn.ManagedClientConnectionImpl@14ad42
18:56:12.752 [main] DEBUG org.apache.http.impl.conn.BasicClientConnectionManager - Connection can be kept alive indefinitely
18:56:12.761 [main] DEBUG net.thucydides.core.steps.StepInterceptor - STEP DONE: I send GET HTTP request
  &amp#27;[32mWhen &amp#27;[0m&amp#27;[32mI send GET HTTP request&amp#27;[0m                                         &amp#27;[90m# starter.stepdefinitions.LoginSteps.iSendAGETRequestToTheUserAPIEndpoints()&amp#27;[0m
18:56:12.776 [main] DEBUG net.thucydides.core.steps.StepInterceptor - STARTING STEP: LoginSteps.iReceiveValidHTTPResponseCodeForGetUserInformation - I receive valid HTTP response code 200 for get user information
18:56:12.785 [main] DEBUG net.thucydides.core.steps.StepInterceptor - STEP DONE: I receive valid HTTP response code 200 for get user information
  &amp#27;[32mThen &amp#27;[0m&amp#27;[32mI receive valid HTTP response code &amp#27;[0m&amp#27;[32m&amp#27;[1m200&amp#27;[0m&amp#27;[32m for get user information&amp#27;[0m &amp#27;[90m# starter.stepdefinitions.LoginSteps.iReceiveValidHTTPResponseCodeForGetUserInformation(int)&amp#27;[0m
18:56:12.811 [main] DEBUG net.thucydides.core.steps.StepInterceptor - STARTING STEP: LoginSteps.iReceiveValidDataOfTheUser - I receive valid data of the user
18:56:12.814 [main] DEBUG net.thucydides.core.steps.StepInterceptor - STEP DONE: I receive valid data of the user
  &amp#27;[32mAnd &amp#27;[0m&amp#27;[32mI receive valid data of the user&amp#27;[0m                                 &amp#27;[90m# starter.stepdefinitions.LoginSteps.iReceiveValidDataOfTheUser()&amp#27;[0m
18:56:12.834 [main] INFO  - 
  _____   ___   ___   _____     ___     _     ___   ___   ___   ___  
 |_   _| | __| / __| |_   _|   | _ \   /_\   / __| / __| | __| |   \ 
   | |   | _|  \__ \   | |     |  _/  / _ \  \__ \ \__ \ | _|  | |) |
   |_|   |___| |___/   |_|     |_|   /_/ \_\ |___/ |___/ |___| |___/ 

view user information
----------------------------------------------------------------------
]]></system-out>
  </testcase>
  <testcase name="GET All Product" classname="Products" time="2.112">
    <system-out><![CDATA[18:56:12.852 [main] INFO io.cucumber.core.plugin.SerenityReporter - Running feature from file:///E:/mini%20peoject/RestAPi/src/test/resources/api/Produk.feature
18:56:12.852 [main] WARN io.cucumber.core.plugin.SerenityReporter - Feature from file:///E:/mini%20peoject/RestAPi/src/test/resources/api/Produk.feature is not under the 'features' directory. Requirements report will not be correctly generated!
18:56:12.868 [main] DEBUG net.thucydides.core.steps.StepEventBus - Test suite started for story net.thucydides.core.model.Story@55ef6c0d
18:56:12.870 [main] INFO  - Test Suite Started: Products

Scenario: GET All Product                     &amp#27;[90m# src/test/resources/api/Produk.feature:2&amp#27;[0m
18:56:12.918 [main] INFO io.cucumber.core.plugin.SerenityReporter - Running feature from file:///E:/mini%20peoject/RestAPi/src/test/resources/api/Produk.feature
18:56:12.919 [main] WARN io.cucumber.core.plugin.SerenityReporter - Feature from file:///E:/mini%20peoject/RestAPi/src/test/resources/api/Produk.feature is not under the 'features' directory. Requirements report will not be correctly generated!
18:56:12.932 [main] INFO  - 
  _____   ___   ___   _____     ___   _____     _     ___   _____   ___   ___  
 |_   _| | __| / __| |_   _|   / __| |_   _|   /_\   | _ \ |_   _| | __| |   \ 
   | |   | _|  \__ \   | |     \__ \   | |    / _ \  |   /   | |   | _|  | |) |
   |_|   |___| |___/   |_|     |___/   |_|   /_/ \_\ |_|_\   |_|   |___| |___/ 

GET All Product(products;get-all-product)
--------------------------------------------------------------------------------
18:56:13.442 [main] DEBUG net.thucydides.core.steps.StepInterceptor - STARTING STEP: ProductSteps.iSetGETEndpointsProduct - I set GET endpoints product
18:56:13.443 [main] DEBUG net.thucydides.core.steps.StepInterceptor - STEP DONE: I set GET endpoints product
  &amp#27;[32mGiven &amp#27;[0m&amp#27;[32mI set GET endpoints product&amp#27;[0m           &amp#27;[90m# starter.stepdefinitions.ProductSteps.iSetGETEndpointsProduct()&amp#27;[0m
18:56:13.454 [main] DEBUG net.thucydides.core.steps.StepInterceptor - STARTING STEP: ProductSteps.iSendGETHTTPRequestProduct - I send GET HTTP request product
18:56:13.460 [main] DEBUG net.thucydides.core.steps.StepInterceptor - STARTING STEP: GetALLProduct.GETHTTPRequestProduct - I set GET endpoints product
18:56:13.461 [main] DEBUG net.thucydides.core.steps.StepInterceptor - STEP DONE: I set GET endpoints product
18:56:13.550 [main] DEBUG org.apache.http.impl.conn.BasicClientConnectionManager - Get connection for route {s}->https://altashop-api.fly.dev:443
18:56:13.550 [main] DEBUG org.apache.http.impl.conn.DefaultClientConnectionOperator - Connecting to altashop-api.fly.dev:443
18:56:13.668 [main] DEBUG org.apache.http.client.protocol.RequestAddCookies - CookieSpec selected: ignoreCookies
18:56:13.669 [main] DEBUG org.apache.http.client.protocol.RequestAuthCache - Auth cache not set in the context
18:56:13.669 [main] DEBUG org.apache.http.client.protocol.RequestTargetAuthentication - Target auth state: UNCHALLENGED
18:56:13.669 [main] DEBUG org.apache.http.client.protocol.RequestProxyAuthentication - Proxy auth state: UNCHALLENGED
18:56:13.669 [main] DEBUG org.apache.http.impl.client.DefaultHttpClient - Attempt 1 to execute request
18:56:13.669 [main] DEBUG org.apache.http.impl.conn.DefaultClientConnection - Sending request: GET /api/products HTTP/1.1
18:56:13.670 [main] DEBUG org.apache.http.wire -  >> "GET /api/products HTTP/1.1[\r][\n]"
18:56:13.670 [main] DEBUG org.apache.http.wire -  >> "Accept: */*[\r][\n]"
18:56:13.670 [main] DEBUG org.apache.http.wire -  >> "Host: altashop-api.fly.dev[\r][\n]"
18:56:13.670 [main] DEBUG org.apache.http.wire -  >> "Connection: Keep-Alive[\r][\n]"
18:56:13.670 [main] DEBUG org.apache.http.wire -  >> "User-Agent: Apache-HttpClient/4.5.13 (Java/19.0.2)[\r][\n]"
18:56:13.670 [main] DEBUG org.apache.http.wire -  >> "Accept-Encoding: gzip,deflate[\r][\n]"
18:56:13.670 [main] DEBUG org.apache.http.wire -  >> "[\r][\n]"
18:56:13.670 [main] DEBUG org.apache.http.headers - >> GET /api/products HTTP/1.1
18:56:13.671 [main] DEBUG org.apache.http.headers - >> Accept: */*
18:56:13.671 [main] DEBUG org.apache.http.headers - >> Host: altashop-api.fly.dev
18:56:13.671 [main] DEBUG org.apache.http.headers - >> Connection: Keep-Alive
18:56:13.673 [main] DEBUG org.apache.http.headers - >> User-Agent: Apache-HttpClient/4.5.13 (Java/19.0.2)
18:56:13.673 [main] DEBUG org.apache.http.headers - >> Accept-Encoding: gzip,deflate
18:56:13.982 [main] DEBUG org.apache.http.wire -  << "HTTP/1.1 200 OK[\r][\n]"
18:56:13.982 [main] DEBUG org.apache.http.wire -  << "content-type: application/json[\r][\n]"
18:56:13.982 [main] DEBUG org.apache.http.wire -  << "date: Tue, 09 May 2023 11:56:13 GMT[\r][\n]"
18:56:13.983 [main] DEBUG org.apache.http.wire -  << "transfer-encoding: chunked[\r][\n]"
18:56:13.983 [main] DEBUG org.apache.http.wire -  << "content-encoding: gzip[\r][\n]"
18:56:13.983 [main] DEBUG org.apache.http.wire -  << "server: Fly/3f2597ca (2023-05-03)[\r][\n]"
18:56:13.983 [main] DEBUG org.apache.http.wire -  << "via: 1.1 fly.io[\r][\n]"
18:56:13.983 [main] DEBUG org.apache.http.wire -  << "fly-request-id: 01H005X0EPTEKSJ48NZ5FY5R36-sin[\r][\n]"
18:56:13.983 [main] DEBUG org.apache.http.wire -  << "[\r][\n]"
18:56:13.983 [main] DEBUG org.apache.http.impl.conn.DefaultClientConnection - Receiving response: HTTP/1.1 200 OK
18:56:13.983 [main] DEBUG org.apache.http.headers - << HTTP/1.1 200 OK
18:56:13.983 [main] DEBUG org.apache.http.headers - << content-type: application/json
18:56:13.983 [main] DEBUG org.apache.http.headers - << date: Tue, 09 May 2023 11:56:13 GMT
18:56:13.983 [main] DEBUG org.apache.http.headers - << transfer-encoding: chunked
18:56:13.983 [main] DEBUG org.apache.http.headers - << content-encoding: gzip
18:56:13.983 [main] DEBUG org.apache.http.headers - << server: Fly/3f2597ca (2023-05-03)
18:56:13.983 [main] DEBUG org.apache.http.headers - << via: 1.1 fly.io
18:56:13.983 [main] DEBUG org.apache.http.headers - << fly-request-id: 01H005X0EPTEKSJ48NZ5FY5R36-sin
18:56:13.984 [main] DEBUG org.apache.http.impl.client.DefaultHttpClient - Connection can be kept alive indefinitely
18:56:13.984 [main] DEBUG io.restassured.internal.RestAssuredHttpBuilder - Parsing response as: application/json
18:56:13.984 [main] DEBUG org.apache.http.wire -  << "2C2[\r][\n]"
18:56:13.984 [main] DEBUG org.apache.http.wire -  << "[0x1f][0x8b][0x8][0x0][0x0][0x0][0x0][0x0][0x4][0xff][0xaa]VJI,IT[0xb2][0x8a][0xae]V[0xf2]tQ[0xb2]241[0xb1]0[0xd2]Q[0xf2]K[0xcc]MU[0xb2]RJI-N.[0xca],([0xc9][0xcc][0xcf]S[0xd2]QrA[0xe2]Y))[0xe9]([0x5][0x14]e&[0xa7]*Y[0x19][0xe8]([0x5]%[0x96]d[0xe6][0xa5][0x17]+Y[0x99][0xe8](9'[0x96][0xa4][0xa6][0xe7][0x17]e[0xa6][0x16]+YE[0xc7][0xd6][0xea] [0xc]6[0x86][0x1b][0xec]Y[0x90][0x91][0x9f][0x97][0xaa]`h[0xa8]`f[0xa2][0x90][0x9e][0x84]axANb[0xa5]BFb[0xb1]B^[0xbe]BNfnfI1[0xc2]:#KK$[0xb][0x8d][0xd0],[0x84][0xda]fdjb[0x8][0xb7][0xcd]=173/[0x1d][0xc3][0x12][0xb7][0xfc]"[0x85]t[0xb0][0x94]BAiQA~qj[0xb1]R-[0x8a][0x83]-[0xe0]F[0xb8][0x95][0x16][0xe5]e[0x96][0x94][0x16][0xa5]*[0x84][0xe4][0x17]`[0x9a][0x4][0x97]MI,[0xca]T[0xf0]J-H,JD[0xb8][0xd8][0xd0][0x4][0xd9][0xc5][0xa6]h.F[0xb1][0xd1][0x4]ncp~^[0xa5]B@[0xb0]![0x86]e[0xf8][0xc2][0xc6][0x4]%l[0xc][0xd1]l[0xa2]j[0xd8][0x98][0x12]v)"[0x4][0x90][0x93][0x88][0x1]-]e[0x6]w[0x15][0x15]c[0xc]_[0xa2][0xb6]D$3[0x97]0[0x17][0x5][0xdf][0xd2][0xf4][0xd4]<[0x85][0x90][0xa2][0xc4]L|9[0xc6][0xd0][0xc8][0xc0][0xc0][0x0]9L[0xf0][0xda][0x80][0xc8][0x8f][0x89]y[0x89][0xd9][\n]"
18:56:13.985 [main] DEBUG org.apache.http.wire -  << "[0x89][0x95][0x89][0xb9][0x18][0x89][0xa2][0xb8][0xb4][0xb8]T[0x1]$[0x8d][0x8]sK[0x94][0xb4][0x80][0x1e][0xea][0xc8][0xa9][0xce][0xd2][0x1c][0x1e]j[0x11]N[0xfe][0x11][0x98]I[0xe][0x91]S[0x10][0xc6][0xa3]&5c[0x1a]F*[0xc8][0x1f][0xd0][0x2][0x9][0xbb][0xf3]p9[\n]"
18:56:13.985 [main] DEBUG org.apache.http.wire -  << "[0xdd][0xcf]TL[0xff][0xa6][0xa0][0xe8][0x83]:[0x8a]6[0xf1]nj[0x80]HY[0xa0][0x88][0xa5]~[0xbc][0x9b][0x1a][0xd0]:e[0x99][0x1a] [0x8a]|[0x1a][0xf9][0xc1][0x2]QF;[0x15]%&[0xa7][0xe6][0xa4][0x96]`d[0xe][0xdf][0xc4][0x94]T[0x85][0xfc]4[0x85][0x8c][0xcc][0xf4][0xc][0x85][0xc2][0xd2][0xc4][0x9c][0xcc][0x92]J[0x85][0x82][0xd4][0xc4][0xa2][0x1c][0xe4]j[0xc5][0x8]9C[0xa2]'[0x1d][0xa4][0xec]bfn[0x0][0xcf].t[0xb3][0x12][0x11][0x8e][0x14][0xa4]6[0xbc][0x9e]B[0xd4]<A[0xa5][0xc5]%[0x99][0xc9][\n]"
18:56:13.985 [main] DEBUG org.apache.http.wire -  << "[0x1][0x89][0x5][0xa9]E[\n]"
18:56:13.986 [main] DEBUG org.apache.http.wire -  << "[0xee]9[0xf9]e[0xa9][0xa0]`B[0xad][0xfd][0x3]K[0xf3]S[0x14][\n]"
18:56:13.986 [main] DEBUG org.apache.http.wire -  << "K3[0x15][0xf2][0x12]KJ[0x8b]A[0xac][0xa4][0xd2][0xe2][0x94][0xc4]\[0x85][0xd4][0x12]=Dv4[0x4][0xe5][0x12]x[0xdb][0x0][0xaf][0xf5][0x88][0xea][0xc4]3[0xaf]$5''3=5[0xaf]D!<??G[0xc1]#[0x11]3J[0xfd]R[0x8b][0x93]3K[0xf3]J[0x14]R[0xc1]*S2[0x15]R2[0x93]K[0x12][0x15][0xf2][0xf2][0x93]2[0x8b][0x15][0x92]Ks[0x15]R[0x8b]K[0x14]R[0x8b][0x8b]S[0xc9]s[0xe][0xa2][0x1e][0x81][0xd6][0xc3][0xa6][\n]"
18:56:13.986 [main] DEBUG org.apache.http.wire -  << "[0xc1]9[0x99][0x98][0xe5].[0xbe][0xca][0x18][0xb5][0xa1][0x82][0xd7][0xf7][0x88][0x2]8 X[0xc1][0x14]#[0x1][0xa7]'[0xe6][0xa6]*[0x98]*[0x14][0x97]$[0x16]![0x2][0x17][0xb5][0x0][0xc6]k<"[0x8f][0x4][0x14]%&[0x97]d&'[0xe6]([0x4]g[0xe6]d+x[0xe7]e[0xa6][0xa5]bX[0xe7][0x98][0x92]Y[0x90]Y[0x9c][0x9c][0xa9][0x90][0x99][0xa2]P[0x9a][0x93][0x93][0x98][0x8b][0x14][0x86]F[0xa0]([0x5][0x0][0x0][0x0][0xff][0xff]"
18:56:13.986 [main] DEBUG org.apache.http.wire -  << "[\r][\n]"
18:56:13.987 [main] DEBUG org.apache.http.wire -  << "487[\r][\n]"
18:56:13.987 [main] DEBUG org.apache.http.wire -  << "".J-[0xe1][0xd9]d[0xd0][0x14][0xdb]fH[0x8d][0xdb][0x80][0xa2][0xfc][0x94][0xd2][0xe4][0x12][0x5][0xc7][0xd2][0x9c][0xcc]D[0x5]c[0x8c]P[0xc8][0xcc][0xcb]T([0x80][0xaa]I[0x84][0xab][0xc1][0xd2][0xe6][0xc5][0x1d][0xf4][0xc6][0xc6]f[0x88]@(I-[0x6]5[0x92]afb[0xd8]W[0x92][0x91]Y[0xac][0x90]Y[0xac]P[0x92][0x91][\n]"
18:56:13.988 [main] DEBUG org.apache.http.wire -  << "S[0xa3][0x80][0xda][0x0][0xc7]b7z[0xbd][0x8b]([0xa7][0x8c][0x8d][0xcd][0x11][0x15][0x8][0xd5][0xec]6Dk[0xb8][0xe0]n[0xcc][0x1a][0x1b][0x9b]#[0xaa][0x17][0xaa][0xda][0x8f][0x94][0xfe][0xf0]Z[0x8f]([0xd1][0xa8]j=r[0xfa][0xc7]k?"S[0xd3][0xcc]~|I[0xcf][0x1c][0x91][0xeb]if?[0xee]v[0xab][0xb1][0xb1]9[\r][0x92]>z[0xf2][0xc3][0xe7][0xb]D5M3[0xff][0xe3][0xcb]~HE[\r][0xcd][0xec][0xc7][0xeb]D[0x9b]a`[0xec]G[0xe4]?[0x8f][0x0][0x85][0xdc][0xcc][0x92]|[0x8c]"[0xf]\{[0x96][0xa4][0x16]%%ff#*6S3s[0xa4],[0x8e][0xd7][0x8b][0x88],FZ[0x15][0x83][0x9e]o[0xa9][0xd7]306[0xb6]@[0xa4]{X[0xdb][0x1][0xbb][0xc7][0x89][0x1a][0xdf][0xc0][0x97][0xc2],[0x11]1Ln[0xb3][0x1]_[0x6][0xb6]DD [0x15];[0xd3]x[0xe2][0xd3][0x4][0xd4][0xb6][0x80]v[0xaa][0xa8][0x10]txmB[0xd4][0x8d][0xf4][0xf2][0x1b]"[0xb2]h[0xed]7D[0xbc]![0x9a]{[0xe1][0xf9][0xf9])[0xa9]y[0xb8][0x1a]|9[0x99][0x89][0xc5][\n]"
18:56:13.988 [main] DEBUG org.apache.http.wire -  << "i[0xa5][0xe9][0x89][\n]"
18:56:13.989 [main] DEBUG org.apache.http.wire -  << "[0xa5][0xe4][0xb4][0xdf][0x8d]M[0xc][0x10]9[0x91]zc{x#[0x10][0x91][0xcb]`[0x16][0x1a]Q<[0x98][0x88][0xcf]BCDu[0x2][0xb3][0x90][0xf2][0xd1]K[0xbc][0x16]"[0x92]([0x9d],D[0xf4][0xc1][0xa0])[0xd4][0x9c][0x82][0x82][0xb][0xaf][0xd7][0x10][0xa9]% 1'[0xd1]'[0xdf][0x7]4Z[0x8a][0xda][0xc3][0x4][0xd7][\r][0xa0]"[0x12][0xcb][0xf8][0xaf][0xb1]1R[0x5][0x81][0xa7][0x8]31D[0xb4][0x81][0xc8]-![0xf1][0xfa][0x3][0x91][0x8]ia<hD[0x2]Z[0x1c][0xd2]g[0xa0][0xc1][0xd8][0xc4][0x8][0x91][0xe8]h[0xe2]#D[0x97][0x80]&[0xc6]#[0xca]X[0xba][0x5][0x18][0xa2][0xb0][0xa5][0x9b][0x95][0x88]|JM+[0xf1][0xe5]##[0xc4]x[0x8]5[0xad][0xc4][0x97][0xb7][0x8c][0x10]e[0x4][0xb4]4[0xc2][0x1c][0x17][0x81][0x97][0x11][0x4][0xa7][0x89][0xf0][0xda][0x84][0xc8][0xc5]4j[0xa8][0x9a][0x18]#*[0xf]Z[0x86][0x1f][0xac][0x19]ka[0x88]H"[0x8e][0xc9][0xc9][0xa9][0xc5][0xc5][0x90][0xf9]8[0xf4]9[0xbc][0x92]|[0x85][0xd4][0xbc][0x8c][0xc4][0xbc][0xe4]T[0x85][0xc4][0x2][0xd0][0x80]([0x88][0x89]<[0x7]flb[0x8c]([0x10][0x8a]S[0xb]RS0[0xb][0xea][0xc4][0xcc]J[0x90] tp[0xc2][0xc8][0x14][0xb9][0x8c]/[0xd8][0x8d][0x11]e[0x1]-[0xc3][0x4]iD[0xc4][0x4]To@[0xb]Tj{[0x86][0xfe][0xc5][0x80]1"[0x8e][0x83][0xc1]1[0xa3][0xe0][0x93]Y\R[0x4][0xee]I[0xa1]V[0xa5]P[0xe9][0x1c][0x88][0xb4]B^zjR)hH[0x95][0xf4](C[0x14][0x3]P3[0xa1]V*8%[0xe6]$b[0xce][0x8b]B[0x15][0xa1]Z[0xac][0x90][0x94][0x98][0x97][0xe][0x1e][0xa5][0x87][0xda]oJ|[0x92]A[0x94][0x9]tK2[0x88][0x16][0x4][0xdd][0xac]D[0x94]G[0xf4][0xb2][0xd2][0x4]Q>AG[0xff][0xa1][0xfd][0x5][0xa7]D[0xcc]y[0xf3][0xd0][0x12][0x85][0xd4][0xa2][0xa2][0xfc]"[0x85][0xa2][0xd4][0xe4][0xd2][0xe2][0xc4][0xbc][0x94][0xc4]T[0x85][0x82][0xfc][0xe2][0xe2][0xcc][0xdc][0xd2]b[0x85][0xdc][0xfc][0x1c][0xd0]8gb[0xaa]Bqj[0x8a]BfnAjJ&y][\n]"
18:56:13.989 [main] DEBUG org.apache.http.wire -  << "[0xa4][0x9]|D7[0xc6]'3/5O[0xc1])[0xbf][0xa4]$[0x7][0xcb][0xb8]ui[0x89]BAjQqAfrfbIf[0xb1]BJ~N~Q*tj[0xa0] [0xbf][0xa8](_![0xb3][0xa0][0x18]49[0x90][0x88]4[0xa4]M[0xec],[0x85][0xb1][0x89][0x9][0xfd][0x8b],[0x13]D[0x93]&8'55[[0x1][0x12][0x2]8[0xa6]e[0xfc][0xd3][0xd2]2[0x93]3A3 [0xf9]y[0xc5][0xa9][0x85][0xa5][0x89]%[0xa5]E[\n]"
18:56:13.989 [main] DEBUG org.apache.http.wire -  << "[0x89]y[0x99][0xb9][0x99][0xf0][0x88])V([0xcb][0xcf])-(I,IUHI[0xcd]I[0xcd][0xcb],[0xc9]$/0[0xe8]_[0xe4][0x99] [0x8a]<[0xf7][0xfc][0xa2][0xf4][0xd4][0xfc][0xd2]b[0x85][0xa0][0xd2][0xa4][0xa4][0xd4]"[0x5]g[0xf0][0xd4][0x8]j[0xb9][0xe7][0x9f][0x92]Y[0x2]I[0x3][0xa5][0xb9][\n]"
18:56:13.989 [main] DEBUG org.apache.http.wire -  << "[0x89][0xa0][0xc4][0x1]N[0x2]9[0x89]I[0xf9]E[0x99][0xf9][0xc5][0x89][0xb9][0xa0]y+[0x85][0xc4][0x9c][0xcc][0xc2][0xd2][0xcc][0x14][0x85]br[0xd3])[0xa2]PD[0xa4]S[0xf7][0xa2][0xc4][0xbc][0xcc][0x92]T[0x5][0xe7]|,[0x93]W[0xae]%[0xa0][0xbe]vfb[0x89]B~n^f[0xb1]Bnf^fn[0xa2]B^inaib[0xae]Bqiqrf[0x1][0xb9][0xae]A[0x14][0x91][0xc1][0x95]y[0xa9]E[0xe9][0x99][0xe0][0xc9]<[0xf0]DZpFf[0x11][0xa8][0xdc]G[\r]%W[0xd0]<Y[0x9]<Ud&[0x95][0x16]+[0x14][0xe4]$&[0xa7]&[0x96][0x90]7[0x9b]gl[0x2]*[0xd0][0xa1][0xf5][0xac][0x2][0x8d][0xba][0x90][0xa6][0x88][0xac]HV[0xf3][0x90][0xd8]V[0x8a])R[0xfe][0x83][0xac][0xc8][0xa1]U3[0xd4][0x94][0xfe][0xf9][0xc9][0x14][0x91][0x9f][0xe8]U[0xd3][0x98]"r[0xb][0xdd][0xac]Dd[0x9][0xba]Y[0x89]h5[0x90][0x95]:[0x89][0x9d]:661E4[0x16]hl[0x93][0x19][0xa2][0x8d][0x0][0xb5][0x9]s[0xa1][0x10][0xbe][0xe][0x19][0xfe][0xf9]jX[0xd7][0x85][0xf2]u{[0xc6]&f[0x88]>[0xb][0xd4][0xa5][0xb4][0xca][0xb3]f[0x14][0x96]B[0xc4][0xc7][0xb3][0x19][0xdd][0xca]!3D9[0x84]+[0xf4][0x0][0x0][0x0][0x0][0xff][0xff]"
18:56:13.990 [main] DEBUG org.apache.http.wire -  << "[\r][\n]"
18:56:13.991 [main] DEBUG org.apache.http.wire -  << "5A6[\r][\n]"
18:56:13.991 [main] DEBUG org.apache.http.wire -  << "R[0xc2][0x17][0xcf]$[0xf8][0x9]Q[0xfc][0xd0][0xda]&D[0xa9][0x3][0xb5]i[0xd0][0xa6]]Da[0x85][0xd3][0xa5][0x88][0xa9]2|[0xb5][0x18]Us[0x14]FyFI[0xf8][0xd1]p[0xf6][0xcd][0x4]i[0xc1][0xc5] [\n]"
18:56:13.991 [main] DEBUG org.apache.http.wire -  << "?[0xa4]%cPW[0xd1][0xaa]DBZ[0xf4][0xe1][0x97]X[0x9c][0xa9][0xe0][0x92]X[0x9a][0xa7][0xe0][0x95]ZT[\n]"
18:56:13.991 [main] DEBUG org.apache.http.wire -  << "[0x9a]`Em[0xf8][0x81][0xe5][0xcb]S[0xf3][0x12][0xb3][0xb3][0x15]JR[0xf3][0x12][0xf3][0x14]rK[0x8b]rS[0x91][0x96][0x18][0x19]Z[0xa2].SE[0x1f][0xce][0x81]%1[0xb][0xa4][0x15][0xa4][0xc9][0xf9]y%[0xf9][0x19][0xba][0xc9][0x88]U[0xe0][0xe8][0xa3]Nn[0x89][0xc5][0x19][0x99][0xf9]y[0x89]I9[0xa9][0xa8]cMH[0xb]F[0xc0]nC[0xb8][0x1d][0xbc][0xf8]Q!=[0xbf]([0x15][0xcb]:n[0xb0]Z*[0xf9][0x3][0x91][0xce][0x9][0xfb][0x3]S[0x5][0xd2][0xea]qc[0x13]s[0xba][0x95][0xd8][0xe6]t+G[0xcd]1J'[0x9a][0xa5]c[0xba][0xb5]k,[0xe8][0xd6]Z[0xb0]@[0xa4][0x88][0x8][0xa7][0xfc][\n]"
18:56:13.992 [main] DEBUG org.apache.http.wire -  << "[0x5][0xcc]2[0x94][0xfe]%[0xbb][0x5][0xa2][0xb6][0xc7][0xe1]&[0xc2][0x8b][0xbf]q[0x15][0xb][0xd4]h[0xcb]![0xad][0xef][0x1d][0x9c][0xee][0xa3][:E[0xda]i[0x80]#$[0x10][0xa9][0x87]~mmKD[0xb]x0[0xb9][\n]"
18:56:13.992 [main] DEBUG org.apache.http.wire -  << "[0x91][0xd3]h\[0xdf]"-[0x92][0xc1][0xbe][0x4]i`[0xb3][0x8f]%[0xa2][0xe1][0x8b][0xdd]y[0x3][0x92]f[0x10][0xb5],vG[\r]h[0x98]!o[0xed][0xc0][0xee]<\aF[0xc3]v-[0xf2]n[0x10][0xda][0xa6]h[0xe4]=[0x1b][0xd8][0xbd]?[0xc0][0xb1][0x83]h[0xec]`w[0x1e][0xae][0xd8][0xa1]a-ej[0x80][0xc8]f[0xb4][0x8e][0x1d][0xca][0xf3][0xe]-[0x93])[0xd2]*[0xa9][0xc1][0x13];[0x86][0x88][0x16][0x1e]vG[\r]l[0x8a]6DTV[0xd8][0x9d]7[0x10])[0xda][0x10][0xd1].[0xa4]q[0x8a]FZ[0xab]@k[0x9b][0xe8][0x96]K[\r][0xe9][0xd5]O2EZ[0xe1]F[0xe3][0xd0]CZ[0x8d]Fk[0x9b][0x10]mJZ[0xdb]D[0xb7]Tn[0x84][0xa8][0xb6]h[0xed]'[0xba][0xa5]r[0xba]-[0xd1]25B[0xd4]z[0xb4][0xe]=z[0xf5][0xe7]L[0x91][0xd6][0x84][0xd1][0xd8]OHk[0xb8]hm[0x13]"[0xe7]b[0xaf][0xca][0x6][0xb6][0xa6]5Fdw[0xec][0xce][0x1b][0x88][0x9a][0x16]y[0x1d][0x17]Mg[0x98]M[0x8d][0xe9]V2[0x18]#[0xea]?[0x8f][0x0][0x5]g[0xd0]"[0x9c]L,[0xfb]ZsR[0xb]J[0xf2][0xb][0x14]0v[0x0]Y[0x82][0x0][0xd2][0x12]o[0xf4][0xa6];[0xd2][0x9a]>Sc[0xaa][0x16][\r][0xe8]Gf [0xdb][0x84][0xb4]Hj 6T![0x8f][0xa6]Q[0xcd]~|[0x13]H(~GdlBv#[0xf2][0x10]h[0xb7][0x1e][0x91][0xb1][0x88][0xb4][0xcc][0x89][0x90][0xf9]D[0xef][0x93][0x5]YO[0xb4][0xff][0x10]%[0x3]U[0xed]'[0xd6][0xfb][0x88][0x9c]IU[0xeb][0x89][0xf6]>"[0x13][0xd1][0xcc]~[0xf4]n'J[0xf2]B[0xd4][0xba]4[0xb3][0x1f]_![0x82][0xb4]`i`[0xec]G[0xf4]Pif?[0xfa]II[0xc8][0xe1][0x8f][0xb4][0x9a][0x8a]f[0xf6][0xe3][\r]D[0x17]x`[0xec][0xa7]Q[0xf6]'6[0xff]!-[0xc4][0x1a][0x18][0xff]#[0xca][0x1f]X[0xb][0xd1][0xd4][0x94]FS{[0xa6][0xa6][0x88][0xc6][0x1]uW[0xe1][0x9b][0x9a]"[0x8a]1[0xe4]SD[0x82]KRSs[0x14][0x82]3[0xf2][0xb1][0x1c]d[0xe2][0x9]:[0xc6][0x4]4Q[0xe]?[0xc8][0x4]t[0x9a]Ib1YkbM[0xe9][0xb6][0x1a][0xcb][0x14]s5[0x16][0xad][0xa2][0x8b]n[0xab][0xa9]L[0xe9][0xb6][0x9a][0xca][0x94]nk[0x9c][0xc0]{[0xd9][0xa1]Kaa9[0x8b]6+bM[0xcd][0x10][0x89][0xdf]5/[0xbf]([0x17][0xb4]8: '[0x11][0xbc][0xfc][0xd7]9#1[0x13][0xb4][0xae][0x3]u[0x1]H[0x18]d!8[0xe8][0xd4][0x91][0x92]T[0x85][0xbc][0xfc]<[0xd0][0xb9]#e[0x99])[0xa0][0x93]wR[0x8b][0xc9]Z[0xb5]o[0x8a][0xb4][0xfe][0xc6][0xa5][0xb4][0x8][0xb4][0xc6][0x3]r[0x88][0xf]v[0x17][0x4]C[0x97]:+[0x14][0x96][0xe6]+ [0xad][0xcb][0xce][0xcc]#gI[0xba])[0xdd][0x96][0xd9][0x98]"-[0xb3][0xa1]q[0xb4][0xd2]m[0x19][0x89])[0xdd][0x96][0x91][0x98][0xd2]m[0x19][0x89])[0xd2]!$4[0x8e]'[0xa4][0xe3]F[0x2][0x82]M0[0xf3]x[0xb1][0x89]BRbQ)[0xa2]wd[0x8c]m[0x15]r[0xf3][0x8c]nKTL[0x91][0xe]-[0xa1]ux![0x9a]|[0xb4][0xb6][0x9][0xd1][0xb8][0xa3][0xb5]Mt[0x1b][0xe4][0xb5][0xc0]l[0xb0]a&9[0xa2][0xf]Q[0xc5][0xd7]4[0xb7]@[0xb4][0xd6]h[0x1d]z[0x88][\n]"
18:56:13.993 [main] DEBUG org.apache.http.wire -  << "[0x8c][0xd6]6![0xba][0x9b]4[0xb6][0xc9][0x12]c[0xd1]<[0xad][0x9a]iH[0xcb][0x83]h[0xed]'[0xc4]X[0x10][0xad]m[0xa2][[0x19]a[0x89](#[0xa8]^z[[0xd2][0xad]T@Z[0xed]C[0xeb][0x98][0xa1]W^5C:[0x6][0xd5][0xb5](=?/?73Y[0xc1]1[0xa7]473[0xaf]4[0x17][0xeb][0xb6]?[0xc7][0xd2][0x12][0x85][0xa4][0xd4][0xc4][0x92][0xc4]T[0xf8][0xa6][0xb6][0xd4]\[0x85][0xdc][0xc4][0x8a][0xcc][0xdc]T[0x85][0xbc][0xd4][0xdc]|[0x85][0xcc][0x9c][0x9c][0xd2]\[0xd0][0x86]?[0xd0]i[0xa0][0xc5][0xe4]45[0xcd][0x90][0xe][0xbc][0xa1]mP[0x9b][0x19][0xd0][0xab][0xb0]2[0x1b][0xdc][0xeb]$[0xcc][0x6][0xe3]:[0x9]3z[0xad][0x93]01A[0xaa]Jhu[0x96].[0xbd]R[0x9a])[0xd2]~[0x1][0xda][0xe6][0x1e]S[0xa4][0xc3][0xa3]ik[0x93][0x19][0xd2]i[0xca][0xb4][0xb6][0x9]QY[0xd1][0xda]&zU]f[0x86][0xf4]j[0xd0][0x9a]![0xad][0x98][0xc1]>[0x9]<[0xa0]s[0xd4]fH[0xcb]l[0xb0];[0xf][0xd1][0x83][0xa4][0xdb]*o3[0xa4]c[0xa1]h[0x9c][0xe2][0x8c][0x10]M[0xbe][0x80]`C[0x3][\n]"
18:56:13.993 [main] DEBUG org.apache.http.wire -  << ":5x[0xce]323[0xa2][[0xe]B:9);[0xb3] [0xb1]X!1/[0x1d][0xcb][0xdd][0x0][0xb9][0xa9]y[0xe9][0xa9]9[0xa5][0x89]E[0xd9][0x89]y[0x10]%[\n]"
18:56:13.993 [main] DEBUG org.apache.http.wire -  << "[0xc5][0x89]y[0xe9][0x89]%[\n]"
18:56:13.994 [main] DEBUG org.apache.http.wire -  << "[0xd9][0xa9]y[0xc9][0x89][0xe0]]O[0xd0][0xe3]R[0xf0][0x1f]W[0x1][0xdb][0x92][0x85]<[L[0xde][0xfd][0x17][0xc6]fH[0xeb]{[0xe0][0xc7]-8[0x15][0xe5][0xe7]U[0xa5]*`[0x1f][0xce]s[0x4][0x9f]#X[0x94]Z[0x90][0x9a][0x93][0x93][0x9a][0x97]RZ[0xac][0x90][0x98][0xc]:"[0x4]t0Ha)YC[0xea]fHK|SS2[0xf3][0x93][0x8b]RA#[0x8a][0xa0][0xc3][0xc]q[0x1c][0x82][0xe1][0x8][0xb6]3[0xaf]$[0x13]t[0xd0]G[0x89]B>[0xf8]L[0x8c]D[0x85][0xb2][0xd4][0x9c][0xcc][0x12][0xc8][0x1][0xe1]d[0xb5][0xf8][0x8c][0x10][0xb5][0xe3][0x90][0x8b]I[0xa4][0xb5]FC[0xcf][0xed][0x88][0xb9][0xd1][0xa1][0xe7]vDWy[0xe8][0xb9][0x1d]Q[0x12][0xd3][0xb8][0xcc]GZ[0x96][0xe5][0x99][0x97]\[0x94][0x9a][0x92][0x99][0x94][0x93][0xaa][0x0]+ir[0xf2][0x93]1[0xf7][0xae][0xba]&[0xc2][0x8f]IQH[0xcd][0xcb][0x84]t[0xe6][0x8a]A[0xf9][0x1b]v1@Ji2[0xf8]@"[0xc8][0x19]@[0xc8]G[0xd8][0xe3]/@[0x91][0xc6]][0xcd][0xe8][0xb6]4[0xcb][0xc]i[0xc1][0x14][0xad][0x3][0x1b]Q[0x8c][0x91]m[0x13][0x0][0x0][0x0][0xff][0xff]"
18:56:13.994 [main] DEBUG org.apache.http.wire -  << "[\r][\n]"
18:56:13.995 [main] DEBUG org.apache.http.wire -  << "D3D[\r][\n]"
18:56:13.996 [main] DEBUG org.apache.http.wire -  << ""[0xe6][0x2][0x0]c3[0xa4]5=[0xb4][0xb6][0x89]n[0xcd]T[0x13]D3[0x95]&[0x19][0x1a][0xbd][0xd1]B[0xcd][0xea][0xdc][0x84][0xf2][0x91]\[0xa2][0xa3][0x9e]n[0xc3]CH+wh[0x9c][0xc8]L[0x11][0xf5][0x10][0xad]m[0xa2][[0xc9][0x8b][0xb4][0xee][0x84][0xd6]~[0xa2]<[0xf1][0x11]Y[0xec][0xd0]m[\r][0x86][0x19][0xdd]VF[0x98][0xd1][0xed][0xf4][0x17]33[0xba][0x15][0xa5][0xa0]S[0xfe][0xe9][0xb2]2[0xc2][0xc]iM[0x2][0x8d]S9[0xdd][0x96][0x5][0x98]!-[0xb][0xf0](P[0x8][0xcb],[0xcb]W[0x88]42[0xc2][0xe8].[0xe7][0xa6][0xe6]f[0xe6]dfg*[0x14][0x17][0xa4][0x16]g[0xa6]ef[0x83][0x96]:U&[0xe6][0xa5]+$[0x16][0x80]O[\n]"
18:56:13.996 [main] DEBUG org.apache.http.wire -  << "[0x85]v*[0x8d]A[0xf7][0xba][0x80][0x8e][0xdf][0x87]_[0xed][0x83]^[0x13]![0xb7][0x8b][0xcc]I[0xe9]>c9[0xbf][0x1b]ON[0xa6]^[0x85]gb[0x82]t?[0x2]4[0xde]1o[0xf9][0xa1][0xc6]IF&&[0x96][0xa4][0x4][0x8][0x5][0x87][0x15][0x9b][0x98] M[0xf1][0xd0]h[0x14][0x18]i[0xb]gHbF[0xa9]BRi[0xe][0x96]3[0xc][0xf1][0x85][0x1b]q[0xab][0x1e]ML[0x91][0xe6][0x1b][0xc8][0xb4][0x89][0xd8][0xb3][0xa6]LL[0x91][0xc6][0xe9]io[0x17][0xa2][0x91][0x8]Mw[0xb4][0x99][0xf4]51[0xa5][0xd7]>C[0x13]SzM/[0x9b][0x98]"[0x9d](A[0xe3][0xd0][0xc3],[0x1f]h[0x15]Ot+[0x1f]L[0xe9]5[0xd9]lb[0x8a]T[0x12][0xd1]:[0x9e][0xe8][0xd4]v4A[0x9e]l[0x6][0xfb][0xc9][0xcc][0xc0][0x80][0xb4]!h[0xf0]|[0x13][0xbc][0xe][0xc5][0xbd][0xae][0xc6][0x4][0xdb]t[0x91]n[0x6]F[0xfd][0x8d][0xaf][0x98]5F[0xa9][0xaf][0xf1][0xda][0x85][0xd6][0xa1][0xa0][0xa5][0xb7]0kB[0xdd]rZy[0xb][0xb3][0xad][0xaa][0x9b]BE[0xbb][0xa0]m[0x11]c[0xb]c[0xc4][0x98][0x9][0xe4][0xc2]h]3[0xc]k[0xd2][0x8][0xdc]&m[0x86][0xe5][0x8c][0x8][0xdd]2[0xc]c[0xc8][0x8f]pj[0xba][0xd6][0xd8][0xc]i1(=.J43[0xa7]S[0x9d]il[0x86]t/[0x1e][0xf6][0x9][0xb6][0x81][0x9d][0xff]CZG[0x8a][0xdd]y[0xb8][0xe6][0xff][0xd0][0xf7]WA[0xd3][0x3][0x15]nB76CZ[0x80][0x8a][0xdd]Q[0x3][0x1c]f[0x88][0xf2][\r][0xbb][0xf3]p[0x85][0x19]z[0xa1]I[0xd5]0C[0x94][0x84][0xe0][0x1c][0x94][0xad][0xe0][0x9e][0x99][0x9a][0x83][0x91][0xe1]C@[0xc7][0xe5][0xe7][0xa5][0x83][0xae][0xfa][0xcc].[0xca],([0xce]D[0xb8][0x95][0xf8]][0xb0]f[0x16][0x88][0xa2][0x10][0xc9]2[0x85][0xec]T][0xcc]>![0x95]lDdX4[0x1b]1;YT[0xb2][0x11][0xd1][0xc][0xa0][0xcf][0x9d]mfHW[0xf9][0x81][0xfd]H[0xe3][0xdb]b[0xcd][0x90][0x96][0xf8][0xd0][0xc9][0x87][0xf4]jl[0x1b][0x9b][0xd1][0xab][0x9]llF[0xaf][0x86][0xa9][0xb1][0x99]%[0xbd][0x86][0xb9][0xcd]AM=[0xba][0xc][0x96][0x99]#][0xd9][0xe]n[0x2][0x7][0x4][0xd3][0xa6]Sdl[0x8e][0xa5]A[0x84]Q:[0xe2]k[0xe][0x11][0xdb][0xf9]767[0xa0][<![\r][0x9e][0xd0]8[0xf4][0xc][0x11]S[0xcb][0x9e][0x1][0x1e][0xfe]~[0xae][\n]"
18:56:13.997 [main] DEBUG org.apache.http.wire -  << "[0x86][0xa6][\n]"
18:56:13.997 [main] DEBUG org.apache.http.wire -  << "[0x1]A[0xfe][0x18]A[0xe8][0xe1][0xea][0xe7][0x1e][0xe0][0xef][0x87][0xa8]V[0xc0][0xd7]3[0x10][0xd1]G16GZqIk[0xdf] [0xea]/[0xda][0xf9][0x6]Qc[0xd1][0xda]7tKoH[0xab][0xc5]h[0xec]'#Dz[0xa3][0xb5]M[0x88][0x86][0x13][0xad]mBjQ$[0xe6][0x95]@[0xf6]J[0xfa]&[0x16][0x81][0x96][0x1f][0xf8]$[0xe6]b^h[0xe5]Z[0xa2][0x90][0x91][0x99][0xc]Z?[0x9e][0x8f][0xb4][0x86][0x8]4[0xf]DT~BZ[0xcb][0x94][0x94]X[0x9c][0x9a]R[0x94][0x96]Y[0x81][0x91]_[0xc1]2[0xa9]i[0x89][0xa5]9%)[0xa0]=[0x9b][0xd0][0x11]z3K[0xd0]4[0x6]q[0xd6] [0xba][0xab]4[0xe]@[0xa4];[0xdc]h3[0xb][0x81][0xde]@G[0x9a][0x85]0G[0xba][0xcd][0x8d][0xd6][0xde][0xa4][[0xc9]A[0xb7]u [0xe6][0xd4]=7[0x7]_<!][0xe4]E[0xe3]x2[0xa1][[0xc9]A[0x85][0xb5][0x14]x&[0xc1][0x90]S[0xb9][0x9]"3[0xd3][0xac]fDZDA[0xff]l[0x8c][0xb4][0xae]b[0x0],[0xa7][[0xad][0x86]t[0xbd][0x13][0x8d]s[0x1][0xd2][0x15]K[0x3][0x10][0xa0][0x88]*u[0x0],G[0xb4][0xbb][0x6][0xc0]rDF[0xa5][0xbf][0xe5]H[0xc7][0x81][0xc][0x80][0xe5][0x88][0x95]Q[0x3]`9"[0x7][0xd3]c[0x8c][0xc6][0x9c]nKq[0xcc][0xe9]vH[0x89]9[0xd2]R[0x1c][0xec][0xe3][0xa7][0x3]:[0xbc]k[0xe]j[0xf8]B[0x7]?[0xb0];[0xf][0xa9]o[0x8b]wu*[0x15][0x87]w[0xcd][0xe9]v[0xd6][0x88]9[0xd2][0xa2]"[0xec][0xde][0x1f][0xd8][0xd8]AZ[0x89][0x84][0xdd]y[0x3][0x12];[0x88][0x96][0xe0] r[0x14][0xa2][0x1b][0x81][0xdd]Q[0x3][0x1c][0x91][0x88][0xda][0x13][0xbb][0xf3][0x6]$"[0x11][0xb5][0xea][0xe0]q[0xd4][0xe0][0x9e][0xe]3G[0xb9]g[0xc8]?[0x2][0xdf]5Ct[0xdb]Bh[0x8e]t[0xd1][0x90]Kivi[0x1e][0xc6][0xb8][0x7]"u[0x81][0x96]'[0x10][0xd9];B:[0x7][0x5]{[0xf2][0x18][0xd8],[0x85]r{[0xd1][0xa0][0x89][0x9]BYj`[0xc3][0xc]i[0xa5][0x19][0xf6](E$[0x14][0xfa][0xa5]^[0xa4][0xa5]b[0xd8][0x1d]5[0xc0]a[0x86][0x18]>[0xc7][0xee][0xbc][0x1][0x9][0xb3][0xc1]][0xdd]!M[0xde][\r][0xa2]0[0x1b][0xd4]y[0xd3][0x2][0xe9]0[0x96]A[0x13]f[0x16]H[0x7]/[0xd0]dO[0x16][0xfa][0xd8]&[0x15]{[0x11][0x16]H[0xb3][0xad]C[0xcf][0xed][0x84][0xda][0xd8][0x3]Z&Z M/[0xf][0xa2][0xb4][0x8a][0x18][0x1e][0xa3][0xed]([0xa0][0x5][0xd2][0xb1]At[0x1f][0x94][0xb1]@[0x9a][0x6][0xc7][0x1e][0xf6][0x3][0x9b]4[0x90][0xe6][0xce][0xb1];o[0x0][0xaa]K[0xb][0xa4][0xc9][0xf6]!W[0x14] [0xed][0xae][0xc0][0x1e][0xa0][0x3][0x1c][0xdf][0x84]Z"[0x3][0x12][0xdf]t+[\n]"
18:56:13.997 [main] DEBUG org.apache.http.wire -  << "[0x90]N[0xbc][0x19]z)[0xb][0xd1] [0x2][0x17][0x98][0x8e]E[0x99][0xe9][0x89][0xf9]%[0xa0]sTQ[0xf]3[0xa6][0xca]J![0xb][0xa4][0xf5][0x14]C.[0xa8][0x90][0xe][0xe9][0xa1][0xcf][0xea]A[0xb][0xa4][0xc3]z[0xc0][0x91]C[0xb3][0xb5]b[0x16]H[0x7][0xf6][0xd0][0xcb]o[0x88]2[0x83][0xd6]~[0xa3][A[0x80]t[0x84][\r][0x8d][0xfd][0x84]t[0xe0][0xc][0xad]mBL>[\r][0xb9][0x1c][0x8b][0xb4][0xaf][0x84][0xc6][0xa1][0x84]tn[0x5]N[0x9b][0x10][0x95] [0xd1]++-[0x90][0xd6]A(`[0x8c][0xe8]Q[0xa7]HFZ[0x0][0x81][0xd3][0xe9][0xd4][0xb1][0x9]i[0x19][0xc4][0x90]KJH[0xab](h[0x1d]J[0x88][0x9]WZ[0xdb][0x84][0xd8][0xd6]Ak[0x9b][0x10]]YZ[0xdb][0x84][0x18][0xa9][0xa3][0xb5]Mt[0xab][0xc0][0x90].t[0xa1][0xb5][0x9f][0x10][0xad][0xc1]![0x97]C[0x91][0x96]h[0xc]=[0xb7][0xf][0xe1]J[0x16][0xe9]V[0x99][0xa1][0x17][0xee][0x88][0x12]p[0xe8][0xb9][0x1d]Q[0xfe]d[0xe6][0xa5][0xe4][0xe7]f[0xa6]b4[0x10][0x12][0xb3]K[0x15][0x8a]K[0xb3][0x13][0x15][0x10][\n]"
18:56:13.998 [main] DEBUG org.apache.http.wire -  << "[0xa0][0xab][0x9d][0x8d][0x88][0xbe][0x1c][0xc3][0x2]i[0xf1][\n]"
18:56:13.998 [main] DEBUG org.apache.http.wire -  << "[0xb4][0xf4][0xc1][0x9c][0xf0][0xc4][0xd7]>[0xa0][0xdb]$[0x92][0x5][0xd2][\r]=8][0x8a]h[0x84][0xe1];E[0x83][0x9a]C[0xd0][0xe6][0xe8][0xf5]y[0xb1]i1FL[0xc1][0x3][0x10][0xfd]4[0x17]333[0xe2][0xa6]j-[0x90][0xa6]j[0x11][0xd1][0x8d][0xda][0x87][0xa7]Jz@[0xba][0xb0][0x82][0xb6][0xf6] [0x96]K[0xd0][0xd6][0x1e]D[0x9d]GS{[0x90][0xe6]]ik[0xf]"[0xbd][0xd1][0xd6][0x1e][0xa4]nue^jQz&[0xf8]*,[0xc8]ep[0xd8][0xcf][0xaf][0xf5],[0xca][0x7][0xad]K[0x80][0x95]A[0x96][0xa0]][0xb5][0xc4][0xec][0xb8][0xb0]D[0xda][0x9e][0x87][0xb8][0xa4][0x0]d[0x9a][0x82]S~II[0xe]f[0xc9][0xe7][0x9c][0xf]:[0xe8][0xb2][0x4]$[0x1][0xb5][0xcd][0xdc][0x1c][0x94][0x11][0x89][0xb3][\r]Q[0x1b][0x7][0xe7][0xa4][0xa6]f+[0xb8][0x17]%[0xe6]e[0x96][0xa4]*[0x84]'[0xe6][0xe4][0xa4][0x96]`d^[0xd8]m[0x9][0x88][0xb2][0xc5][0xc4][0x0][0xb4][0xcd][0x9c]8[0xcb][0x10][0xc1]8[0xc4][0xaa] [0x13]S[0x3]:5[0xeb]ML[0x91]v[0x18][0xd2][0xfc]x![0xa4][0x99][0x1d]<v!"[0x9b][0xd8][0xde][0xbc][0x89])[0xd2][0xbc][0x8][0x1e][0x93][0xe1]u[0x1]%[0x7]Y[0x99][0x1a]"[0x8a]5heH[0x9b]}[0xa6]&[0xa6]H[0xe3][0xa2][0xd8]''[0x10]AE[0xaf][0xb6][0x80][0x89])[0xbd][0x86]NML[0x8d][0xe8][0xd4][0xe3]41E:/[0x9c][0xc6]Q[0x8a][0xb4]v[0xc3]73/S!8?99[0xb5]H[0x1][0xf3][0xac][0x83][0xe4][0xfc][0xa4]D[0x85][0xe4][0xa2][0xd4][0xc4][0x92]T[0xd0][0xe5][0x86])[0xa5][0xc9]%`U[0xb0]B[0x17]Tp[0x13]Q[0xc][0x9a][0x80][0xcf][0xf5][0x81][0xae]A[0xa6][0x8f][0x8d]f [0xa7]a[0xb1][0x11][0xf3]t[0x5]l~[0x4][0xa9][0xc2][0xea]Gc[0x1d]%[0xe7][0xc4][0x92][0xd4][0xf4][0xfc][0xa2][0xcc][0xd4]b%[0xab]h[0xa4][0xad]F[0x16]H[0xbb][0xf9]h[0x1a][0xc6][0x16]H'>[0xd3][0xda]&D+[0xcd]1[0xb5](?[0xa5]2/[0x11]t[0x81][0x10][0xec]b[0xcc][0x10][0xd0][\r][0x95][0x18][0x15][0xa6]kEAjJfI[0xa2]Bi[0x9][0xe8][0xd8]x[0x85][0xe4][0xfc][0xa2][0x82][0xfc][0xa2]L[0xb2]n[\n]"
18:56:13.998 [main] DEBUG org.apache.http.wire -  << "[0xb2]@[0xba]6>[0x18][0xa9][0x1d][0xe2][0x93][0x99][0x97][0x9a][0xa7][0xe0][0x94][0x98][0x8e]i{q[0x89]BjQQ~[0x91]B^fFf[0xe][0xc8][0x5][0x99]%[\n]"
18:56:13.998 [main] DEBUG org.apache.http.wire -  << "[0xc5][0x99]y%[\n]"
18:56:13.998 [main] DEBUG org.apache.http.wire -  << "E[0xa9]E[0xa5][0xb9][\n]"
18:56:13.999 [main] DEBUG org.apache.http.wire -  << "[0xa5]99[0x89]d[0x1d]hmA[0xb7][0xad]x[0x16]&[0x88]V[0x1e][0x8d]c[0x98]n[0xc7]L[[0xd0]m{[0xa1][0x85][0x9][0x9d][0xca]lc[0xb][0xa4]+[0x93][0x87]X[0xf3][0xce][0xd8][0x2]i_[0x8]4[0x8d][\r][0xd6][0x9e]?[0xe6]f[0x11]L[0x97]"Z!t[0xeb][0xf9]#[0xf5]#[0xf2][0xf3]*[0x15]h7}[0x8b]y`,[0xa6][0xff][0xf1]5+[0xe9][0xd5].3[0xb6]@:[0xf7][0xc]g[0x9a][0x1a][0x80][0x98]B[0x8c][0xa5][0xe1]t[0xd5] [0x9]?Dw[0x11][0xa7]K[0x7] [0xfc][0x10][0xad][0x0][0xec]][0x80][0x81]][0x9f][0x4][0xea][0x8c]C[0x9b]z[0xd8][0x9d][0x87][0x8]1[0xfa][0xe5][0x4][0xa4]M.4[0x1d][0xa7][0xc1][0xbc]rx[0xb0][0x96][\r]H[0xfb]j[0x6]Q[0xda][0xb6][0xc0][0x18][0xe4][0x18][0xb4][0xe1][0x87][0xd1][0xaa][0xc1]t)"[0xa5][0xd3][0xab][0x16]D:[0x98][0x8c][0xa6][0xe9][0x1c][0xf9]X2[0xf0][0xa8][0x1d]lXN!<[0xb1]$[0x19][0xf3][0xe8]W[0x9f][0xd4][0xc4][0x92][0x8c]T[0xa4][0x13]`,[0x8c]@;[0xfb][0x89][0xe8][0xad][0x1a][ [0xf5][0x8f]!#[0x84][0xe1][0xf9][0xf9]9[0xc4][0xf][0xf][0x1a][0x19][0x81]J$[0xe2]lB[0x1a][0xc6]A[0xea][0xdd][0x4]g[0xe6]d+8c[0xbd][0xba][0x7]r[0xaf][0xf]"[0x9e][0x8d][0x8c]@3[0x3][0xc4]Xf[0x89][0xb4][0xd2][0xdf][\r]~^[0xf][0xc4]<[0x5][0xe7]|,[0xa7][0x94][0x7][0xe7][0xe7][0x94][0x96]$*[0xa4][0x96]($[0x97][0x16]d[0x82][0xba]t%[0xa9]H[0x7][0xf7][0x10]}[0x13][0x90]%[0xf2]H"[0x92]7[0x9d][0xf3][0xb][\n]"
18:56:13.999 [main] DEBUG org.apache.http.wire -  << "R[0x8b][0x14][0xbc][0xf3]2[0xd3]@C[0xb9][0xa8][0xb3][0x19][0x10][0x87]!<ja[0x9][0xea]`[0x13][0xe7]QDN[0x19]j[0xad]rK[0xa4]u[0xf7][0x90][0xb4][0x7]=P) 1[0xaf][0x4]sb)[0xa8]4)[0x9]9[0x91][0x9b][0x9a][0x99][0x9b][0x13]7[0xa1]d[0x89]4[0xe6][\n]"
18:56:13.999 [main] DEBUG org.apache.http.wire -  << "[0xb1][0x8][0x9e][0xa1][0xb0][[0x5][0xed][0xf3]#"[0xc4][0xd2][0xc2][0xd4][0x88]X[0xbb][0x10][0xc9][0x1c]y[0x18][0x1]n[0xa3]wjeR~b[0x11][0xe6][0xe9][0xc3][0x18][0xb9][0xd8][0xc]|[0xaa][0x1a]Q[0xa9][0x0]i[0x15][0xfd][0x90]K[0x5]Hg[0xfb][0x7][0xe7]&[0xe6][0xe4] ][0xd9][0x8c][0xb5]T[0xc0][0x12]9[0xa0][0x84]D\8![0xc6][0x1a]<[0xf3]JRsr2[0xd3]S[0xf3]J[0x14] #,[0xd8][0xd3][0x2]x[0x16][0x8][0x91][0x12][0xcc]-[0xc]M[0x89]L[0x9]H[0xcb][0xf4]=R[0x13][0xcb]*[0x15]\JK*[0x11][0xbe][0xc3][0x99][0x10]@[0xb3]A[0xc8][0x16][0x82][0x86]b[0x88][0xf3][0x1d][0xa2]~[0x87]_[0x80][0xe8][0x9c]_R[0x92][0x9f][0x87][0xab]@[0x87]d8[0x84]e&[0xe0][0xac]B[0x9c]e[0x88][0x82][0x7]y[0xb0][\n]"
18:56:13.999 [main] DEBUG org.apache.http.wire -  << "[0xe4]x[0x5][0xa7][0xd4]<,[0xd5][0x14]f)[0x7][0xba][0xdc][0x97]8[0xcb][0x10][0xbd][0x9a][0x80][0xa2][0xc4][0xe4][0x92][0xcc][0xe4][0xc4][0x1c][0xd8][0xb5]o[0x1e]XJs[0xe8]4[0x17][0xc2]c[0xa6][0xc6][0xa0][0xf5][0xda][0xc4][0xd9][0x85][0xd4]/[0x1][0xa7][0xc7][0x80]DP[0xc9][0x8d][0xbd][0xea]E[0xf]@#c[0xd0][0xfa]c[0xe2][0xec]A[0xf4]4[0x82]J[0xc1][0x13][0x8e][0xd0]:[0x2]k[0xfd][0x4][0x91]Cx[0xc8][0xd2][0x94]x[0x8b][0xb0][0x97]H[0x90][0xf2]T[0x1][[0xf0]A[0xa4][0x10][0x96][0x19][0x99][0x80][0x8e][0xc2]&[0xca]W[0xa0]`[0x86]vP[0x90]n[0xe8][0x83]d0[0xec][0xb5]<z[0x10][0x9a][0x19][0x83]2[0xe]q[0x96]![0xb2][0xb3]OfzFIy*[0x88]T[0x80][0x98][0x88][0xd5]g[0xe1][0xf9][0xf9])[0xa9]H3[0xb7][0xa6][0x96][0xa0][0xf5][0xc7][0xc4]Y[0x86][0xc8]]C[0xae][0x8c]E[0x9e][0xd9][0x1][0xa7]i[0xd8][0xac][0xb2][0x2][0xf6]B[0xf][0xa3][0x8c]5[0xb3]05&[0xb2][0xd8]C[0xba][0xc7][0x16]^[\n]"
18:56:14.000 [main] DEBUG org.apache.http.wire -  << "A[0xb2][0x10][0xb6][0xa4][0x86]Q[0xeb][0x19][0x81]/[0xa6] .F[0x10]9[0xd5]5/[0xbf](7[0xbf][0xb4][0x18]Q[0xbc]b[0xf7][0x18]z62[0xb2][0x0][0x9d][0xa4]L[0x9c]m[0x88][0xfc][0x8a]\[0xb1][0xe3][0xf6][0x1a][0xa8]e[0x8b][0xc8]C[0xc4][0x9f][0xca]h[0x89][0xb4][0xf8][0xde][0xb1]<[0xb5]8?7U[0x1]Z[0x8c][0x7]gd[0x16]a[0xce][0xda][0xa3]UQ[0x16][0x96][0xc4][0x1e]3[0x9]N[0xfc][0xd0][0xdc][0x8a]X[0x8d][0x0]O[0x1b]8[\n]"
18:56:14.000 [main] DEBUG org.apache.http.wire -  << ""P[0x85][0x82][0xf0][0x97][0x85][0x5]h[0x19][\r]Q!h[0x8c][0x18]ED[0xd8][0x6]-[0xaa][0x15][0x2]r[0x12][0xc1][0x8b][0x1c]P[[0xc6][0xa0][0xea][0x4]a[0x97][0xb1]1hw=qv![0x8a][0x6]h[0xe9][\n]"
18:56:14.000 [main] DEBUG org.apache.http.wire -  << "[0xc9][0xfa]8[0xec][0xc1]H[0xf0][0xe6][0x86][0xa0][0xd1][0x6][0xe2][0xac]B,[0xbd][0x83]'Ch[0xb2]V[0xc0]z6([0xd4][0xcb][0x8]Y[0x18][0x12][0xdd][0x94]E[0xba]h[0xd4][0xa5][0xb4][0x8]4'[0x85]H[0xf2][0xd8][0xab]]P[0x87][0xe]a[0x95][0x19][0xf1][0xeb]9[0x90]N[0x98][0x1c]r[0x5][0x1e][0xd2][0x99][0x95][0xc8]5[0x3]<i[0xe3][0xb8][0x10][0x1a]5[0xb9][0x99][0x9a][0x80][0xe6][0xa6][0x88]K[0x3][0x88]:[0x16][0xd9]>x[0xab][0x1f][[0xd1][0x87][0x1a]1[0xa6][0x86][0xa0]3[0xe4][0x89][0xb2][0xc]i[0x9e][0x10][0xd9]2h[0x2][0xc7][0xbe]`[0x9][0xbd]J71[0x4][0x9d]8B[0x9c]u[0x88]l[0x8b]T[0xa5][0x83][0xb][0x1d][0x1c][0xb7]{[0x83][0xe5][0x10]i[0xce][0xc8][0x18]t[0x0]+qv![0xb2]-[0x92]][0xd0][\n]"
18:56:14.000 [main] DEBUG org.apache.http.wire -  << "[0x1d]{[0xfb][0x1][0x16][0xa7][0x8][0xfb][0x8c][0xc1]G[0xaf][0x11]g[0x1f]R[0xde]-J[0xcf][0xcf][0xcb][0x7]M[0xf9][0xc2][0xb][0xdb][0xfc]T[0xcc]n(j[0xa9]nn[0x8][0xba]F[0x89]8[0xab][0x10][0xed][0x7][0xe4][0x6]34[0xd6]p$[0x10][0x94][0xc6][0x8a][0x99]%[0xd1][0xe9][0x11]iZ[0x10]~!;[0xa4][0xa6][0xc2][0xde][0x8e]E[0x8f]1[0x13][0xd0][0x8]&q[0xde]B4[0xcd]![0xdd]7h[0xe9][0x86][0xa3][0xa0][0x85][0xca]""[0xcb][0xd2][0x14]tN[0x1e]qV![0xea]{[0x8c]A[0x1d]l[0xe1][0x7]nu"l23 zT[0x5]y'[0x11]x[0x4][0xe][0xd2]n [0xd6]O[0xc6][0xa6][0xa0][0xf3][0x9b][0x89][0xf2][0x13][0xd2]n[0x9c]!W[0xc8][0x82][0xc6]D[0xa0][0xad][0x7][0xe8](7m[0x16]f[0x19][[0x82][0x1a][0x9f]P[0x9b][0x90]K<h[0xad][0xad][0x80][0xa3]4[0x87]D[0x1a]"[0x1][0x98][0x9a][0x80][0x6][0xe7][0x88][0x8b][0x16]DfEt8a[0x95]:[0xf6]r[0x8]#e[0x9b][0x98][0x82]6r[0x10]g[0x1d][0xa2]3[0x8d]4T[0x0][0xaa][0x8d]p[0x8c][0x18]B}[0x8e][0xf0][0x9b][0x91]![0xb1][0xcb][0xab]-Ac[0xc3]X[0x2][0x13]\[0x4][0xe0][0xe8][0xf][0xa0][0x16]zFfD7[0xc3][0x90]6[0xfc]@[0x9b]a[0xf0]*18[0x3]k[0xf1]Z[0x92][\n]"
18:56:14.001 [main] DEBUG org.apache.http.wire -  << "[0xbe][0xfa][0x6][0xba]$[0xc9][0xd2][0x14]4[0xb4]E\[0x18]"[0xda][0xe7]P[0xab] [0xf1][0x8f]cp[0x19][0xec]]D[0xf8][0x99][0x18][0x82]f[0xb1][0x88][0xb3][0x8]{][0xf][0x8e]-[0xec][0x95]/[0xb8][0xe4]E[0xb2][0x8b][0xf8]f,([0x5]A[0xe3][\n]"
18:56:14.001 [main] DEBUG org.apache.http.wire -  << "[0xde][0x99][0x82]z[0xb]{[0x7][0x7]#aX[0x18][0x81]nn![0xca]c[0xa0]n[0x3][0xd4]2[0xe4][0xd1]1P;[0x5]G2D+a-[\r]A[0x1d]M[0xe2][0xec]BT[0xf4](9[0x1a]:[0xd6][0x82]uu2Z[0x94][0x99][0x9b][0x13][0xef]3DvF[0xca]_[0xd0]f[0x5][0xf6]f3[0x9a][0xd7]Hh[0x9e][0x81]2"4[0x18][0x87]\[0x91][0x8e][0xb9]E[0x86][0xb2]"[0x1d][0x0][0x0][0x0][0xff][0xff]"
18:56:14.001 [main] DEBUG org.apache.http.wire -  << "[\r][\n]"
18:56:14.002 [main] DEBUG org.apache.http.wire -  << "365[\r][\n]"
18:56:14.002 [main] DEBUG org.apache.http.wire -  << "[0xc2][0xb9][0x84][0xd0][0x12]s[0x8b][0xb][0xcd]lB[0xe4]W[0x1a]WSH[0x8b]wh9Ah[0x9]Z[0xff][0xf]Ma[0xb4][0xb5][0x7][0x91]mhk[0xf]"[0x86]hj[0xf][0xa8][0x88][0xa7]G[0xb8][0x81][0xa6])[0xa1][0xf6][0x4][0x4]+`[0xa6][0xeb][0xf4][0xc4][0xdc]T[0x5]S[0x85][0xe2][0x92]D[0xa4]I[[0xfc][0xeb]5[0x90]V[0xdf]Z[0x82]znP[0xe3]i[0x9c][0xa0]A]R[0xfa][0xd8][0x4][0x1a][0x86][0xa3][0x93]M[0x88][0xee],[0x8d]C[0xf]T=[0xd1][0xc9]O[0x88]n,M[0xfd]db[0x80]<[G[0xcb][0x95][0x80]&[0x6]H[Lh[0xed]'[0xfa][0x85][0x1e][0xa2]@[0xa5][0xb5][0x9f][0x10]=[\n]"
18:56:14.002 [main] DEBUG org.apache.http.wire -  << "Z[0xdb][0x84]4[0x0]@[0xe3][0x14][0x81][0xe8][0xff]g[0x6]d[0xe4][0xe7][0xa5][0x1a][0x82]6/[0xa0][0xe][0x18][0x83]w[0x9d][0xa6][0xa6][0xc0][0xb6]p 5[0xba][0xf1][0x9e][0xf7][0x8e](^M[0xc][0x90][0xe][0xc1][0xa2]u[0xd0]![0xea]=[0x1a][0xdb][0x84]4-Gk[0x9b][0xe8]T[0xbc][0x9a][0x18][0xd0][0xeb][0x9e]1[0x13][0x3][0xba]m[0xc1]2 kc[0x14]"[0x91][0x13][0xbd][0x81][0xcf][0x0]4@E[0x8f][0xba][0xc9][0xc4][0x0]i[0xb4]:73'[0x1b]c[0x13][0xb][0xc2][0xf5][0xf8][0xd6][0xf1]!gP[0xd0][0x82][0x8][0xa8][0xdb][0xa9]e"[0xa2][0x6][0xa0][0xcb][0xa1]a&[0x6]H[0xc7],y[0x16][0x80][0xca]2[0x5]CC[0x5]3[0x13][0x85][0xf4]$[0x8c][0x0][0xc2][0xb7]\[0x9b][0xf8][0x8]G[0xba]Uh[0xb0][0xac][0x1c]61@[0x1a][0x8a][0xa2]](P[0xef][0x8][0x4][0x13][0xf0][0xb8].4[0xe9][0x5]gW[0xe5][0xe7]+[0x84][0xe7][0xe7][0xa4]%g$[0x82][0x96][0x14][0xa0]VD[0xc1]%E[0x89][0x95][0xd9][0x99])[0xa0][0x19][0x4][0xe8]`[0x96][0xa1][0x19]hC.[0x11][0xc3]#&[0xa6]HS[0xa5][0xc1][0x89][0xb9][0xc5][0xa5]y[0xe9][\n]"
18:56:14.003 [main] DEBUG org.apache.http.wire -  << "[0xc1]F[0xc6][\n]"
18:56:14.003 [main] DEBUG org.apache.http.wire -  << "[0xa1]9%E[0x89][0x18][0x9][0xc4]=1'[0xb1][0xa2][0x92][0xe4]|d[\n]"
18:56:14.003 [main] DEBUG org.apache.http.wire -  << "[0x1a][0xe][0x87]zf[0xd0]$[0x9]S[0xd0]T[0x11][0xd4]Q[0x84]}[0x8e][0xf0]3)a[0x8b][0xd4][0x8]#[0x18][0xb6][0x19][0x99][0x95][0x89][0xa0][0x10][0x87]F![0x91]E[0x94][0xa9]1[0xa2]Q4x[0x82][0x16]i[0xff][0xdb] r[0x14]Rl[0xd0][0xb4][0xf9]h[0x8a]4'6[0x88][0xbc]?[0x18][0x13][\n]"
18:56:14.003 [main] DEBUG org.apache.http.wire -  << "[0xd2][0xf1]v[0x83]'[0xa4][0x90]f[0xca][0x6][0x91][0xa3][0x90][0xba]Y[0xe0][0x89]B[0xe8][0xf8];[0xd6][0xc5]g[0xae][0x15][0xa9]E[0xc9][0x99]%[0x89]%[0x99][0xf9]y[0xa9][0xb9][\n]"
18:56:14.003 [main] DEBUG org.apache.http.wire -  << "[0xb9][0x89][0xe9]y[0x99][\n]"
18:56:14.003 [main] DEBUG org.apache.http.wire -  << "[0xf9])[0x99]%[\n]"
18:56:14.004 [main] DEBUG org.apache.http.wire -  << ")[0xf9]9[0xf9]Ed,771E[0xaa]A[0x7]O[0xa8] [0x1d][0xa4]E[0xdb][0xde][0x86][0x99][0x1][0xa2]KHk[0x9b][0x10][0xd3]K0[0x9b]t1[0x97]b[0xe1]k[0xab][0x19][0x83][0xf6][0xe9][0xe3][0xac][0xfd][0xa1][0xad][0x14]c[0xb][0xa4][0xa3]>[0xd3][0x13]s3[0xf3][0xd2]u[0xcd]0j[0xfc][0xb4][0xfc]"[0x5][0x88][0xa4]BAiQA~qj[0xb1]R-R[0x13][0x19][0xdc][0xd0][0x80][0xd5][0xa2][0xd0]RU[0x17]s[0xe3][0xc8]`q-h[0x8e][0xf][0xdd][0xb5][0x98][0xd7][0x1d][0xf][0x1a][0xd7]b[0xf6]p[0xb1]D[0xd1][0xa0]q-[0xa2][0x82][0x81][0xa5][[0x85][0xe0][0x9c][0xcc]\[0x8c]4[0x85][0xcf][0xc1]Dw3[0xcc][0xc]13$[0xed][0xac]3[0xb6]4G[0xf8][0x8e][0xa6]3[0x7][0xa0][0xf5][0xcf][0xd0][0x14]:[0xe4][0xe6][0xf4]@Ky[0xa0]n[0xa7][0xc9]l[0x4][0xa2][0x1]G[0x13][0xe3][0x11]5,M[0x8c]G[0xa4]WZ[0x18][0x8f][0xb4]e[0x10][0x96][0xfb]h[0x92][0xf1][0x8c]-A[0xeb][0xd0][0xa0][0xb1]Lk[0x9b][0x10]y[0x8e][0xd6]6!"[0x87][0xd6]6a[0xd6][0xee][0xb4][0x8a]'[0xba][0x8d][0xf9][0x82][0x9a][0x1b][0xf4]H[0x11]&[0x6]H[0x97]=[0xd1]4[0x9e]L[0xc][0x90][0xf6]u[0xd2][0xda]&[0xc4][0x90] [0xad]mB[0x14][0xa0][0xb4][0xb6][0x9]Q[0x96][0xd2][0xda]&D[0x19]1[0xc4][0xea]K[0x13][0x3][0xa4]>[0x5][0xf6].[0xd5]@[0x1e][0x1]ab[0x0][0x1a]C[0x84]fk[0xec][0xce]C[0xc][0x8a][0xe1]_R[0x0][0xed]q[0x18][0x99]"[0x8d][0xa7][0xbb][0x83]{[0x1c][0x18]E[0x1f][0xc2][0xc7][0xd8][0xfb][0x1b][0x6]H-[0xf8]![0x17][0xdf][0xa0][0x8d]t[0xd0][0x0]%>W [0x2][0x99][0xe8][0xb6][0xb1][0x1]hq[0x1c]},[0xa2]Y[0xee][0x3][0x0][0x0][0x0][0xff][0xff]"
18:56:14.004 [main] DEBUG org.apache.http.wire -  << "[\r][\n]"
18:56:14.005 [main] DEBUG org.apache.http.wire -  << "26F[\r][\n]"
18:56:14.005 [main] DEBUG org.apache.http.wire -  << "[0xca][0xcc]K/V[0xc2]X[0xd7]E[0xcd][0x94][0x84][0xb4][0xf9]i[0xc8][0xa5]$[0xd0]^B[0xba]D0[0xf2][0xf4][0x0][0xb4]{[0x8f][0x91]g1[0xfa]s[0xe4]$Y[0xa4])[0x2]*M[0xb5]![0x8d][0xef]S[0xcb]DD[0xfd]I-[0x13][0xc9][0xa9]'[0xc9][\n]"
18:56:14.005 [main] DEBUG org.apache.http.wire -  << "^DF[0xa5]m[0xd1]3t[0xf7]r[0x99][0x18] [0xed][0xe5][0xa2][0xd7][0xe4],bq2[0xf5][0xa6]%Mq.[0x86]51@[0x9a][0x9a][0x8][0x8]6[0xc1][0xcc][0xca][0xc5]&[\n]"
18:56:14.006 [main] DEBUG org.apache.http.wire -  << "I[0x89]E[0xa0][0xab][0xcc][0xa0][0xf3]P[0xc6][0xc4][0x9e]zob[0x80]t[0xf1][0xe]m[0xd3][0x98][0x9][0xa2][0xf]E[0xfd][0xae][0xb4][0x89][0x1][0xf2][0x9e][0x1c][0xa2][0xcb]<[0xa4][0xd9]W[0xe2][0xeb]i[0xa4][0xe9][0xf][0xe2]C[0x8c]<[0x9b]0[0x87][0x12]1#?'[0xb1]R!#[0xb1]X[0x1][0xcb]![0xca]DNG[0x1a] [0xed][0xd4][0x81][0xed][0x1a][0x85][0x9c][0xc6][0x80]c]`if[0xa2]Bj~[0xb1]B[0x11]d[0xb2]B!/59[0xb5][0xb8][0x18]<w[0x91]TZ[0xac][0x90]V[0x9a][0x9e][0x99]X[0xa2][0x90][0x98][0x97][0x99][0x9b][0x89]4ma[0x4][0xea]r[0xe2]l% [0x8d]O[0x1b] m[0xe8]!+[0x88][0x89][0xf6]8[0x9d]F[0x10]L[0xc][0x90][0x8e][0xc7]D[0xda][0xb9][0x8][0x9b][0xe][0xc2][0xb1]C[0xc9][0xb5]B[0xa1][0xb0]41[0xb5]([0x11]tzl[0x11]8x[0xc9]9:[0xd6][0xc4][0xc0][0x94]n[0xa3][\n]"
18:56:14.006 [main] DEBUG org.apache.http.wire -  << "H;R[0xe0];[0xb][0xc1][0x1b]3[0x14][0x9c][0xf3]s[0xb]JK[0xc0]G[0xf4][0xa0].[0x85]p,.H-[0xca][0xcc]/J-[0x86][0x9c]M[0x9b][0x9f][0x9c][0x9c][0x98][0x9a][0x9c]X[0x92][0xa9]PXJ^[0xf2]A[0xde][0xa9]B[0xb3][0xd5]3[0xd4]l[0xd5][0x82][0xf6]8B[[0x86][0xb4]\[0xba]h[0x86]h[\n]"
18:56:14.006 [main] DEBUG org.apache.http.wire -  << "[0xd1][0xd4][0x1a]D[0xfb][0x88][0xa6][0xd6] [0xb5][0x8e][0x90][0x8e][0xd2][0x2]o[0xb4][0xc2][0x91][0xa1][0x1c]K[0xa1][0x93][0xa9][0xa9][0xb9][\n]"
18:56:14.006 [main] DEBUG org.apache.http.wire -  << "E[0xa9][0x5][0xa9]99[0xa9]y)[0xa5][0xc8]y[0x8a][0xf8]2[\n]"
18:56:14.006 [main] DEBUG org.apache.http.wire -  << "i[0x87][0x8a]g[0x80][0x87][0xbf][0x9f][0xab][0x82][0xa1][0xa9]B@[0x90]?F[0x9][0xed][0xe1][0xea][0xe7][0x1e][0xe0][0xef][0x87]h[0x0][0x9a][0x80]j[0x10][0xa2][0xca]A[0xa4][0x83]iif[0x7][0xd2][0xae][0x14][0xda][0xd9][0x81][0xa8][0xc8]h8[0xf]cb`[0x8e][0x18][0x95][0xa3][0xad]=H)[0x9c]vW[0x12][0x99][0x18][0x80][0xce]}[0x80][0x95][0xb][0xb4][0xb4][0x7]tJ[0x1f][0xd4][0x1e][0xb2][0xea][[0xe2][0x1b]OH{lh[0x96][0xda]@Gs@}C;;[0x10])[0x8d]vv [0x8a][0xeb][0xc1]3[0x94][0x87][0xb4]y[0x89][0x96][0x85];[0xe8][0xd4][0x18]h[0x1c][0xe][0x1e][0xbf]#[0xdd]l[0x84]3[0x9b] [0x8a]y[0xe2]3[0x5][0xbd]v[0x2][0x99][0x18]X[0xe][0xc6]$[0x85]|[0xa0])[0xd1]]7[0xb2][0xc2][0x19][0xd1][0xdc][0x1f]D[0x89][0x8a][0x9c][0xb6]9[0x19][0xbe][0x7][0x9f]Q:[0xd8][0xb2][0x94]!Y3vd[0xf9][0x1e]Q`[0xe3][0xcc][0xbb][0x18]c[0xa2][0xe4][0xf4][0xda][\r]A[0xa7]H[0xc][0xbe]pFj,[0x13][0x9d][0xc7][0xc8][0xf3]>"[0x93]"
18:56:14.006 [main] DEBUG org.apache.http.wire -  << "[\r][\n]"
18:56:14.007 [main] DEBUG org.apache.http.wire -  << "4FE[\r][\n]"
18:56:14.007 [main] DEBUG org.apache.http.wire -  << "[0xd1][0xaa]f4D>[0xb1][0x95][0xc6][0xbe]A[0xe4][0xce][0x80][0xa2]|[0xf0][0xb5]?[0x8e][0xa5]9[0x99][0x89][\n]"
18:56:14.008 [main] DEBUG org.apache.http.wire -  << "[0x98]{[0xcb]@[0xf7][0x7][0x15]@[0xd5]$[0xc2][0xd5]@G[0xe4][0x88][0x1c][0x91]0D[0x9a])[0xa3][0x8f]}[0x88][0x96]9[0x8d][0xb3][0x5][0xd2][0x86]M[0xfa][0xf8][0xc][0x91][0xe1][0xe9]c[0x1f][0xa2]j[0xa5][0x8f]}[0x88]>[0x8]}[0xec]C[0x94] NE[0x89][0xc9][0xa9][0xd8].[0x8][0xf4]MLIU[0xc8]OS[0xc8][0xc8]L[0xcf][0x0][\r]][0xe5]d[0x96]T*[0x14][0xa4]&[0x16][0xe5] [0x17]%[0xa0][0xdd][0x86][0xc4]t[\r][0x91]V[0xb][0xba][0x84][0xb9](xg[0xe6][0xa6][0x96][0x14][0x97][0x82]F:#[0x13]3[0x93]@[0xfb].PG[0x92][0x10][0xf5][0x82][0xa1][0x91][0x1][0xea][0x10]8[0x9e][0xe1]uC[0xa4][0x1d][0x9d] k|K[0xd3]S[0xf3][0x14]B[0x8a][0x12]31[0xb7][0xed][0xe0][0xb1][0x1][0xf7]i[0x16]&[0x86]Hw[0xd4][0xd1][0xc8][0x6]P[0x98]B+[0x1d]Z[0xd9][0x80]()he[0x3]b^e[0xd0]4[0xcf][0xc][0x91][0xa6][0xff][0x7][0x91][0xa3][0x10]yq[0x10]9[\n]"
[...]
18:56:21.616 [main] DEBUG org.apache.http.client.protocol.RequestTargetAuthentication - Target auth state: UNCHALLENGED
18:56:21.616 [main] DEBUG org.apache.http.client.protocol.RequestProxyAuthentication - Proxy auth state: UNCHALLENGED
18:56:21.616 [main] DEBUG org.apache.http.impl.client.DefaultHttpClient - Attempt 1 to execute request
18:56:21.616 [main] DEBUG org.apache.http.impl.conn.DefaultClientConnection - Sending request: GET /api/categories/12505 HTTP/1.1
18:56:21.616 [main] DEBUG org.apache.http.wire -  >> "GET /api/categories/12505 HTTP/1.1[\r][\n]"
18:56:21.616 [main] DEBUG org.apache.http.wire -  >> "Accept: */*[\r][\n]"
18:56:21.616 [main] DEBUG org.apache.http.wire -  >> "Host: altashop-api.fly.dev[\r][\n]"
18:56:21.616 [main] DEBUG org.apache.http.wire -  >> "Connection: Keep-Alive[\r][\n]"
18:56:21.616 [main] DEBUG org.apache.http.wire -  >> "User-Agent: Apache-HttpClient/4.5.13 (Java/19.0.2)[\r][\n]"
18:56:21.616 [main] DEBUG org.apache.http.wire -  >> "Accept-Encoding: gzip,deflate[\r][\n]"
18:56:21.616 [main] DEBUG org.apache.http.wire -  >> "[\r][\n]"
18:56:21.616 [main] DEBUG org.apache.http.headers - >> GET /api/categories/12505 HTTP/1.1
18:56:21.616 [main] DEBUG org.apache.http.headers - >> Accept: */*
18:56:21.616 [main] DEBUG org.apache.http.headers - >> Host: altashop-api.fly.dev
18:56:21.616 [main] DEBUG org.apache.http.headers - >> Connection: Keep-Alive
18:56:21.616 [main] DEBUG org.apache.http.headers - >> User-Agent: Apache-HttpClient/4.5.13 (Java/19.0.2)
18:56:21.616 [main] DEBUG org.apache.http.headers - >> Accept-Encoding: gzip,deflate
18:56:21.717 [main] DEBUG org.apache.http.wire -  << "HTTP/1.1 404 Not Found[\r][\n]"
18:56:21.717 [main] DEBUG org.apache.http.wire -  << "content-type: application/json[\r][\n]"
18:56:21.717 [main] DEBUG org.apache.http.wire -  << "date: Tue, 09 May 2023 11:56:21 GMT[\r][\n]"
18:56:21.717 [main] DEBUG org.apache.http.wire -  << "content-encoding: gzip[\r][\n]"
18:56:21.717 [main] DEBUG org.apache.http.wire -  << "transfer-encoding: chunked[\r][\n]"
18:56:21.718 [main] DEBUG org.apache.http.wire -  << "server: Fly/3f2597ca (2023-05-03)[\r][\n]"
18:56:21.718 [main] DEBUG org.apache.http.wire -  << "via: 1.1 fly.io[\r][\n]"
18:56:21.718 [main] DEBUG org.apache.http.wire -  << "fly-request-id: 01H005X87YW00A4P7HYQH79Q79-sin[\r][\n]"
18:56:21.718 [main] DEBUG org.apache.http.wire -  << "[\r][\n]"
18:56:21.718 [main] DEBUG org.apache.http.impl.conn.DefaultClientConnection - Receiving response: HTTP/1.1 404 Not Found
18:56:21.718 [main] DEBUG org.apache.http.headers - << HTTP/1.1 404 Not Found
18:56:21.718 [main] DEBUG org.apache.http.headers - << content-type: application/json
18:56:21.718 [main] DEBUG org.apache.http.headers - << date: Tue, 09 May 2023 11:56:21 GMT
18:56:21.718 [main] DEBUG org.apache.http.headers - << content-encoding: gzip
18:56:21.718 [main] DEBUG org.apache.http.headers - << transfer-encoding: chunked
18:56:21.718 [main] DEBUG org.apache.http.headers - << server: Fly/3f2597ca (2023-05-03)
18:56:21.718 [main] DEBUG org.apache.http.headers - << via: 1.1 fly.io
18:56:21.718 [main] DEBUG org.apache.http.headers - << fly-request-id: 01H005X87YW00A4P7HYQH79Q79-sin
18:56:21.718 [main] DEBUG org.apache.http.impl.client.DefaultHttpClient - Connection can be kept alive indefinitely
18:56:21.718 [main] DEBUG io.restassured.internal.RestAssuredHttpBuilder - Parsing response as: application/json
18:56:21.718 [main] DEBUG org.apache.http.wire -  << "31[\r][\n]"
18:56:21.718 [main] DEBUG org.apache.http.wire -  << "[0x1f][0x8b][0x8][0x0][0x0][0x0][0x0][0x0][0x4][0xff][0xab]VJ-*[0xca]/R[0xb2]R*JM[0xce]/JQ[0xc8][0xcb]/QH[0xcb]/[0xcd]KQ[0xaa][0xe5][0x2][0x0]6`[0x14][0x2][0x1d][0x0][0x0][0x0]"
18:56:21.718 [main] DEBUG org.apache.http.wire -  << "[\r][\n]"
18:56:21.719 [main] DEBUG org.apache.http.wire -  << "0[\r][\n]"
18:56:21.719 [main] DEBUG org.apache.http.wire -  << "[\r][\n]"
18:56:21.719 [main] DEBUG io.restassured.internal.RestAssuredHttpBuilder - Parsed data to instance of: class org.apache.http.conn.EofSensorInputStream
18:56:21.720 [main] DEBUG org.apache.http.impl.conn.BasicClientConnectionManager - Releasing connection org.apache.http.impl.conn.ManagedClientConnectionImpl@412440c1
18:56:21.720 [main] DEBUG org.apache.http.impl.conn.BasicClientConnectionManager - Connection can be kept alive indefinitely
18:56:21.721 [main] DEBUG net.thucydides.core.steps.StepInterceptor - STEP DONE: I send HTTP api GET request by id
  &amp#27;[32mWhen &amp#27;[0m&amp#27;[32mI send HTTP api GET request by id&amp#27;[0m                                  &amp#27;[90m# starter.stepdefinitions.ProductCategorySteps.iSendHTTPApiGETRequestByIdcategory()&amp#27;[0m
18:56:21.727 [main] DEBUG net.thucydides.core.steps.StepInterceptor - STARTING STEP: ProductCategorySteps.iReceiveValidHTTPResponseCodeForGETIdProductCategory - I receive valid HTTP response code 200 for GET id product category
  &amp#27;[31mThen &amp#27;[0m&amp#27;[31mI receive valid HTTP response code &amp#27;[0m&amp#27;[31m&amp#27;[1m200&amp#27;[0m&amp#27;[31m for GET id product category&amp#27;[0m &amp#27;[90m# starter.stepdefinitions.ProductCategorySteps.iReceiveValidHTTPResponseCodeForGETIdProductCategory(int)&amp#27;[0m
      &amp#27;[31mjava.lang.AssertionError: 1 expectation failed.
Expected status code <200> but was <404>.

	at java.base/jdk.internal.reflect.DirectConstructorHandleAccessor.newInstance(DirectConstructorHandleAccessor.java:67)
	at java.base/java.lang.reflect.Constructor.newInstanceWithCaller(Constructor.java:500)
	at java.base/java.lang.reflect.Constructor.newInstance(Constructor.java:484)
	at org.codehaus.groovy.reflection.CachedConstructor.invoke(CachedConstructor.java:73)
	at org.codehaus.groovy.runtime.callsite.ConstructorSite$ConstructorSiteNoUnwrapNoCoerce.callConstructor(ConstructorSite.java:108)
	at org.codehaus.groovy.runtime.callsite.CallSiteArray.defaultCallConstructor(CallSiteArray.java:57)
	at org.codehaus.groovy.runtime.callsite.AbstractCallSite.callConstructor(AbstractCallSite.java:263)
	at org.codehaus.groovy.runtime.callsite.AbstractCallSite.callConstructor(AbstractCallSite.java:277)
	at io.restassured.internal.ResponseSpecificationImpl$HamcrestAssertionClosure.validate(ResponseSpecificationImpl.groovy:512)
	at io.restassured.internal.ResponseSpecificationImpl$HamcrestAssertionClosure$validate$1.call(Unknown Source)
	at io.restassured.internal.ResponseSpecificationImpl.validateResponseIfRequired(ResponseSpecificationImpl.groovy:696)
	at io.restassured.internal.ResponseSpecificationImpl.this$2$validateResponseIfRequired(ResponseSpecificationImpl.groovy)
	at java.base/jdk.internal.reflect.DirectMethodHandleAccessor.invoke(DirectMethodHandleAccessor.java:104)
	at java.base/java.lang.reflect.Method.invoke(Method.java:578)
	at org.codehaus.groovy.runtime.callsite.PlainObjectMetaMethodSite.doInvoke(PlainObjectMetaMethodSite.java:43)
	at org.codehaus.groovy.runtime.callsite.PogoMetaMethodSite$PogoCachedMethodSiteNoUnwrapNoCoerce.invoke(PogoMetaMethodSite.java:198)
	at org.codehaus.groovy.runtime.callsite.PogoMetaMethodSite.callCurrent(PogoMetaMethodSite.java:62)
	at org.codehaus.groovy.runtime.callsite.AbstractCallSite.callCurrent(AbstractCallSite.java:185)
	at io.restassured.internal.ResponseSpecificationImpl.statusCode(ResponseSpecificationImpl.groovy:135)
	at io.restassured.specification.ResponseSpecification$statusCode$0.callCurrent(Unknown Source)
	at io.restassured.internal.ResponseSpecificationImpl.statusCode(ResponseSpecificationImpl.groovy:143)
	at io.restassured.internal.ValidatableResponseOptionsImpl.statusCode(ValidatableResponseOptionsImpl.java:89)
	at RestApi@1.0-SNAPSHOT/starter.altashop.Categories.GetIdProductCategory.lambda$HTTPResponseCodeForGETIdProductCategory$0(GetIdProductCategory.java:23)
	at net.serenitybdd.rest.SerenityRest.restAssuredThat(SerenityRest.java:626)
	at RestApi@1.0-SNAPSHOT/starter.altashop.Categories.GetIdProductCategory.HTTPResponseCodeForGETIdProductCategory(GetIdProductCategory.java:23)
	at RestApi@1.0-SNAPSHOT/starter.altashop.Categories.GetIdProductCategory$ByteBuddy$aZj7Xw8z.HTTPResponseCodeForGETIdProductCategory$accessor$EJDRchHs(Unknown Source)
	at java.base/jdk.internal.reflect.DirectMethodHandleAccessor.invoke(DirectMethodHandleAccessor.java:104)
	at java.base/java.lang.reflect.Method.invoke(Method.java:578)
	at net.thucydides.core.steps.StepInterceptor.invokeMethod(StepInterceptor.java:503)
	at net.thucydides.core.steps.StepInterceptor.executeTestStepMethod(StepInterceptor.java:483)
	at net.thucydides.core.steps.StepInterceptor.runTestStep(StepInterceptor.java:457)
	at net.thucydides.core.steps.StepInterceptor.runOrSkipMethod(StepInterceptor.java:209)
	at net.thucydides.core.steps.StepInterceptor.testStepResult(StepInterceptor.java:196)
	at net.thucydides.core.steps.StepInterceptor.intercept(StepInterceptor.java:84)
	at net.thucydides.core.steps.ProxyConfiguration$InterceptorDispatcher.intercept(ProxyConfiguration.java:51)
	at RestApi@1.0-SNAPSHOT/starter.altashop.Categories.GetIdProductCategory$ByteBuddy$aZj7Xw8z.HTTPResponseCodeForGETIdProductCategory(Unknown Source)
	at RestApi@1.0-SNAPSHOT/starter.stepdefinitions.ProductCategorySteps.iReceiveValidHTTPResponseCodeForGETIdProductCategory(ProductCategorySteps.java:54)
	at ✽.I receive valid HTTP response code 200 for GET id product category(file:///E:/mini%20peoject/RestAPi/src/test/resources/api/productcategory.feature:17)
&amp#27;[0m
  &amp#27;[36mAnd &amp#27;[0m&amp#27;[36mI received valid data for id product category&amp#27;[0m                       &amp#27;[90m# starter.stepdefinitions.ProductCategorySteps.iReceivedValidDataForIdProductCategory()&amp#27;[0m
18:56:21.813 [main] ERROR  - 
  _____   ___   ___   _____     ___     _     ___   _      ___   ___  
 |_   _| | __| / __| |_   _|   | __|   /_\   |_ _| | |    | __| |   \ 
   | |   | _|  \__ \   | |     | _|   / _ \   | |  | |__  | _|  | |) |
   |_|   |___| |___/   |_|     |_|   /_/ \_\ |___| |____| |___| |___/ 

GET id product category
-----------------------------------------------------------------------
18:56:21.816 [main] DEBUG  - RELATED ISSUES: 
18:56:21.925 [main] ERROR  -     Test failed at step: I receive valid HTTP response code 200 for GET id product category
18:56:21.926 [main] ERROR  -     1 expectation failed.Expected status code <200> but was <404>.
]]></system-out>
  </testcase>
  <testcase name="DELETE category" classname="category" time="0.553">
    <system-out><![CDATA[
Scenario: DELETE category                                         &amp#27;[90m# src/test/resources/api/productcategory.feature:20&amp#27;[0m
18:56:22.018 [main] INFO io.cucumber.core.plugin.SerenityReporter - Running feature from file:///E:/mini%20peoject/RestAPi/src/test/resources/api/productcategory.feature
18:56:22.018 [main] WARN io.cucumber.core.plugin.SerenityReporter - Feature from file:///E:/mini%20peoject/RestAPi/src/test/resources/api/productcategory.feature is not under the 'features' directory. Requirements report will not be correctly generated!
18:56:22.026 [main] INFO  - 
  _____   ___   ___   _____     ___   _____     _     ___   _____   ___   ___  
 |_   _| | __| / __| |_   _|   / __| |_   _|   /_\   | _ \ |_   _| | __| |   \ 
   | |   | _|  \__ \   | |     \__ \   | |    / _ \  |   /   | |   | _|  | |) |
   |_|   |___| |___/   |_|     |___/   |_|   /_/ \_\ |_|_\   |_|   |___| |___/ 

DELETE category(category;delete-category)
--------------------------------------------------------------------------------
18:56:22.093 [Finalizer] DEBUG org.apache.http.impl.conn.DefaultClientConnection - Connection 0.0.0.0:53264<->149.248.193.56:443 closed
18:56:22.094 [Finalizer] DEBUG org.apache.http.impl.conn.DefaultClientConnection - Connection 0.0.0.0:53262<->149.248.193.56:443 closed
18:56:22.095 [Finalizer] DEBUG org.apache.http.impl.conn.DefaultClientConnection - Connection 0.0.0.0:53261<->149.248.193.56:443 closed
18:56:22.095 [Finalizer] DEBUG org.apache.http.impl.conn.DefaultClientConnection - Connection 0.0.0.0:53260<->149.248.193.56:443 closed
18:56:22.096 [Finalizer] DEBUG org.apache.http.impl.conn.DefaultClientConnection - Connection 0.0.0.0:53265<->149.248.193.56:443 closed
18:56:22.097 [Finalizer] DEBUG org.apache.http.impl.conn.DefaultClientConnection - Connection 0.0.0.0:53269<->149.248.193.56:443 closed
18:56:22.098 [Finalizer] DEBUG org.apache.http.impl.conn.DefaultClientConnection - Connection 0.0.0.0:53268<->149.248.193.56:443 closed
18:56:22.099 [Finalizer] DEBUG org.apache.http.impl.conn.DefaultClientConnection - Connection 0.0.0.0:53267<->149.248.193.56:443 closed
18:56:22.100 [Finalizer] DEBUG org.apache.http.impl.conn.DefaultClientConnection - Connection 0.0.0.0:53266<->149.248.193.56:443 closed
18:56:22.113 [main] DEBUG net.thucydides.core.steps.StepInterceptor - STARTING STEP: ProductCategorySteps.iSetTheDELETEApiEndpointscategory - I set the DELETE api endpoints
18:56:22.114 [main] DEBUG net.thucydides.core.steps.StepInterceptor - STEP DONE: I set the DELETE api endpoints
  &amp#27;[32mGiven &amp#27;[0m&amp#27;[32mI set the DELETE api endpoints&amp#27;[0m                            &amp#27;[90m# starter.stepdefinitions.ProductCategorySteps.iSetTheDELETEApiEndpointscategory()&amp#27;[0m
18:56:22.198 [main] DEBUG net.thucydides.core.steps.StepInterceptor - STARTING STEP: ProductCategorySteps.iSendHTTPApiDELETERequestForCategory - I send HTTP api DELETE request for category
18:56:22.207 [main] DEBUG net.thucydides.core.steps.StepInterceptor - STARTING STEP: DeleteProductCategory.DELETERequestForCategory - I set the DELETE api endpoints
18:56:22.207 [main] DEBUG net.thucydides.core.steps.StepInterceptor - STEP DONE: I set the DELETE api endpoints
18:56:22.291 [main] DEBUG org.apache.http.impl.conn.BasicClientConnectionManager - Get connection for route {s}->https://altashop-api.fly.dev:443
18:56:22.292 [main] DEBUG org.apache.http.impl.conn.DefaultClientConnectionOperator - Connecting to altashop-api.fly.dev:443
18:56:22.402 [main] DEBUG org.apache.http.client.protocol.RequestAddCookies - CookieSpec selected: ignoreCookies
18:56:22.402 [main] DEBUG org.apache.http.client.protocol.RequestAuthCache - Auth cache not set in the context
18:56:22.402 [main] DEBUG org.apache.http.client.protocol.RequestTargetAuthentication - Target auth state: UNCHALLENGED
18:56:22.402 [main] DEBUG org.apache.http.client.protocol.RequestProxyAuthentication - Proxy auth state: UNCHALLENGED
18:56:22.402 [main] DEBUG org.apache.http.impl.client.DefaultHttpClient - Attempt 1 to execute request
18:56:22.402 [main] DEBUG org.apache.http.impl.conn.DefaultClientConnection - Sending request: DELETE /api/categories/11320 HTTP/1.1
18:56:22.402 [main] DEBUG org.apache.http.wire -  >> "DELETE /api/categories/11320 HTTP/1.1[\r][\n]"
18:56:22.403 [main] DEBUG org.apache.http.wire -  >> "Accept: */*[\r][\n]"
18:56:22.403 [main] DEBUG org.apache.http.wire -  >> "Host: altashop-api.fly.dev[\r][\n]"
18:56:22.403 [main] DEBUG org.apache.http.wire -  >> "Connection: Keep-Alive[\r][\n]"
18:56:22.403 [main] DEBUG org.apache.http.wire -  >> "User-Agent: Apache-HttpClient/4.5.13 (Java/19.0.2)[\r][\n]"
18:56:22.403 [main] DEBUG org.apache.http.wire -  >> "Accept-Encoding: gzip,deflate[\r][\n]"
18:56:22.403 [main] DEBUG org.apache.http.wire -  >> "[\r][\n]"
18:56:22.403 [main] DEBUG org.apache.http.headers - >> DELETE /api/categories/11320 HTTP/1.1
18:56:22.403 [main] DEBUG org.apache.http.headers - >> Accept: */*
18:56:22.403 [main] DEBUG org.apache.http.headers - >> Host: altashop-api.fly.dev
18:56:22.403 [main] DEBUG org.apache.http.headers - >> Connection: Keep-Alive
18:56:22.403 [main] DEBUG org.apache.http.headers - >> User-Agent: Apache-HttpClient/4.5.13 (Java/19.0.2)
18:56:22.403 [main] DEBUG org.apache.http.headers - >> Accept-Encoding: gzip,deflate
18:56:22.448 [main] DEBUG org.apache.http.wire -  << "HTTP/1.1 200 OK[\r][\n]"
18:56:22.448 [main] DEBUG org.apache.http.wire -  << "content-type: application/json[\r][\n]"
18:56:22.448 [main] DEBUG org.apache.http.wire -  << "date: Tue, 09 May 2023 11:56:22 GMT[\r][\n]"
18:56:22.448 [main] DEBUG org.apache.http.wire -  << "content-encoding: gzip[\r][\n]"
18:56:22.448 [main] DEBUG org.apache.http.wire -  << "transfer-encoding: chunked[\r][\n]"
18:56:22.448 [main] DEBUG org.apache.http.wire -  << "server: Fly/3f2597ca (2023-05-03)[\r][\n]"
18:56:22.448 [main] DEBUG org.apache.http.wire -  << "via: 1.1 fly.io[\r][\n]"
18:56:22.448 [main] DEBUG org.apache.http.wire -  << "fly-request-id: 01H005X8ZSAW33DCB4TMJSNBS3-sin[\r][\n]"
18:56:22.448 [main] DEBUG org.apache.http.wire -  << "[\r][\n]"
18:56:22.448 [main] DEBUG org.apache.http.impl.conn.DefaultClientConnection - Receiving response: HTTP/1.1 200 OK
18:56:22.448 [main] DEBUG org.apache.http.headers - << HTTP/1.1 200 OK
18:56:22.448 [main] DEBUG org.apache.http.headers - << content-type: application/json
18:56:22.448 [main] DEBUG org.apache.http.headers - << date: Tue, 09 May 2023 11:56:22 GMT
18:56:22.448 [main] DEBUG org.apache.http.headers - << content-encoding: gzip
18:56:22.451 [main] DEBUG org.apache.http.headers - << transfer-encoding: chunked
18:56:22.451 [main] DEBUG org.apache.http.headers - << server: Fly/3f2597ca (2023-05-03)
18:56:22.451 [main] DEBUG org.apache.http.headers - << via: 1.1 fly.io
18:56:22.451 [main] DEBUG org.apache.http.headers - << fly-request-id: 01H005X8ZSAW33DCB4TMJSNBS3-sin
18:56:22.452 [main] DEBUG org.apache.http.impl.client.DefaultHttpClient - Connection can be kept alive indefinitely
18:56:22.452 [main] DEBUG io.restassured.internal.RestAssuredHttpBuilder - Parsing response as: application/json
18:56:22.452 [main] DEBUG org.apache.http.wire -  << "22[\r][\n]"
18:56:22.452 [main] DEBUG org.apache.http.wire -  << "[0x1f][0x8b][0x8][0x0][0x0][0x0][0x0][0x0][0x4][0xff][0xab]VJI,IT[0xb2][0xca]+[0xcd][0xc9][0xa9][0xe5][0x2][0x0][0xa3][0xab][0x8f]W[0xe][0x0][0x0][0x0]"
18:56:22.452 [main] DEBUG org.apache.http.wire -  << "[\r][\n]"
18:56:22.453 [main] DEBUG org.apache.http.wire -  << "0[\r][\n]"
18:56:22.453 [main] DEBUG org.apache.http.wire -  << "[\r][\n]"
18:56:22.453 [main] DEBUG io.restassured.internal.RestAssuredHttpBuilder - Parsed data to instance of: class org.apache.http.conn.EofSensorInputStream
18:56:22.458 [main] DEBUG org.apache.http.impl.conn.BasicClientConnectionManager - Releasing connection org.apache.http.impl.conn.ManagedClientConnectionImpl@5a23b9d1
18:56:22.458 [main] DEBUG org.apache.http.impl.conn.BasicClientConnectionManager - Connection can be kept alive indefinitely
18:56:22.461 [main] DEBUG net.thucydides.core.steps.StepInterceptor - STEP DONE: I send HTTP api DELETE request for category
  &amp#27;[32mWhen &amp#27;[0m&amp#27;[32mI send HTTP api DELETE request for category&amp#27;[0m                &amp#27;[90m# starter.stepdefinitions.ProductCategorySteps.iSendHTTPApiDELETERequestForCategory()&amp#27;[0m
18:56:22.481 [main] DEBUG net.thucydides.core.steps.StepInterceptor - STARTING STEP: ProductCategorySteps.iReceiveValidHTTPResponseCodeForCategoryDELETE - I receive valid HTTP response code {int} for category DELETE
18:56:22.493 [main] DEBUG net.thucydides.core.steps.StepInterceptor - STEP DONE: I receive valid HTTP response code {int} for category DELETE
  &amp#27;[32mThen &amp#27;[0m&amp#27;[32mI receive valid HTTP response code &amp#27;[0m&amp#27;[32m&amp#27;[1m200&amp#27;[0m&amp#27;[32m for category DELETE&amp#27;[0m &amp#27;[90m# starter.stepdefinitions.ProductCategorySteps.iReceiveValidHTTPResponseCodeForCategoryDELETE(int)&amp#27;[0m
18:56:22.518 [main] INFO  - 
  _____   ___   ___   _____     ___     _     ___   ___   ___   ___  
 |_   _| | __| / __| |_   _|   | _ \   /_\   / __| / __| | __| |   \ 
   | |   | _|  \__ \   | |     |  _/  / _ \  \__ \ \__ \ | _|  | |) |
   |_|   |___| |___/   |_|     |_|   /_/ \_\ |___/ |___/ |___| |___/ 

DELETE category
----------------------------------------------------------------------
]]></system-out>
  </testcase>
</testsuite>