<?xml version="1.0" encoding="UTF-8" standalone="no"?><testsuite errors="0" failures="0" name="Products" skipped="0" tests="8" time="6.03" timestamp="2023-05-09 06:56:12"><testcase name="GET All Product"/><testcase name="GET Product by id"/><testcase name="Add new product"/><testcase name="DELETE Product"/><testcase name="GET products rating"/><testcase name="POST As admin I have be able to create new products rating"/><testcase name="GET products comment"/><testcase name="POST As admin I have be able to create new products comment"/></testsuite>